Using pre-set license
Built from '2020.3/staging' branch; Version is '2020.3.20f1 (41c4e627c95f) revision 4310246'; Using compiler version '192528614'; Build Type 'Release'
OS: 'Windows 10 Pro; OS build 22000.318; Version 2009; 64bit' Language: 'pl' Physical Memory: 12162 MB
BatchMode: 1, IsHumanControllingUs: 0, StartBugReporterOnCrash: 0, Is64bit: 1, IsPro: 0

COMMAND LINE ARGUMENTS:
C:\Program Files\Unity\Hub\Editor\2020.3.20f1\Editor\Unity.exe
-adb2
-batchMode
-noUpm
-name
AssetImportWorker0
-projectPath
C:/Users/Julia/Documents/GitHub/HawaiiGame
-logFile
Logs/AssetImportWorker0.log
-srvPort
63382
Successfully changed project path to: C:/Users/Julia/Documents/GitHub/HawaiiGame
C:/Users/Julia/Documents/GitHub/HawaiiGame
Using Asset Import Pipeline V2.
Refreshing native plugins compatible for Editor in 36.63 ms, found 4 plugins.
Preloading 0 native plugins for Editor in 0.00 ms.
Initialize engine version: 2020.3.20f1 (41c4e627c95f)
[Subsystems] Discovering subsystems at path C:/Program Files/Unity/Hub/Editor/2020.3.20f1/Editor/Data/Resources/UnitySubsystems
[Subsystems] Discovering subsystems at path C:/Users/Julia/Documents/GitHub/HawaiiGame/Assets
GfxDevice: creating device client; threaded=0
Direct3D:
    Version:  Direct3D 11.0 [level 11.1]
    Renderer: NVIDIA GeForce GTX 1050 (ID=0x1c8d)
    Vendor:   
    VRAM:     4021 MB
    Driver:   30.0.14.7212
Initialize mono
Mono path[0] = 'C:/Program Files/Unity/Hub/Editor/2020.3.20f1/Editor/Data/Managed'
Mono path[1] = 'C:/Program Files/Unity/Hub/Editor/2020.3.20f1/Editor/Data/MonoBleedingEdge/lib/mono/unityjit'
Mono config path = 'C:/Program Files/Unity/Hub/Editor/2020.3.20f1/Editor/Data/MonoBleedingEdge/etc'
Using monoOptions --debugger-agent=transport=dt_socket,embedding=1,server=y,suspend=n,address=127.0.0.1:56648
Begin MonoManager ReloadAssembly
Registering precompiled unity dll's ...
Register platform support module: C:/Program Files/Unity/Hub/Editor/2020.3.20f1/Editor/Data/PlaybackEngines/WindowsStandaloneSupport/UnityEditor.WindowsStandalone.Extensions.dll
Registered in 0.001261 seconds.
Native extension for WindowsStandalone target not found
Refreshing native plugins compatible for Editor in 41.98 ms, found 4 plugins.
Preloading 0 native plugins for Editor in 0.00 ms.
Mono: successfully reloaded assembly
- Completed reload, in  1.146 seconds
Domain Reload Profiling:
	ReloadAssembly (1147ms)
		BeginReloadAssembly (63ms)
			ExecutionOrderSort (0ms)
			DisableScriptedObjects (0ms)
			BackupInstance (0ms)
			ReleaseScriptingObjects (0ms)
			CreateAndSetChildDomain (1ms)
		EndReloadAssembly (535ms)
			LoadAssemblies (61ms)
			RebuildTransferFunctionScriptingTraits (0ms)
			SetupTypeCache (181ms)
			ReleaseScriptCaches (0ms)
			RebuildScriptCaches (52ms)
			SetupLoadedEditorAssemblies (213ms)
				LogAssemblyErrors (0ms)
				InitializePlatformSupportModulesInManaged (5ms)
				SetLoadedEditorAssemblies (0ms)
				RefreshPlugins (42ms)
				BeforeProcessingInitializeOnLoad (11ms)
				ProcessInitializeOnLoadAttributes (120ms)
				ProcessInitializeOnLoadMethodAttributes (33ms)
				AfterProcessingInitializeOnLoad (0ms)
				EditorAssembliesLoaded (0ms)
			ExecutionOrderSort2 (0ms)
			AwakeInstancesAfterBackupRestoration (0ms)
Platform modules already initialized, skipping
Registering precompiled user dll's ...
Registered in 0.010018 seconds.
Begin MonoManager ReloadAssembly
Native extension for WindowsStandalone target not found
Refreshing native plugins compatible for Editor in 0.41 ms, found 4 plugins.
Preloading 0 native plugins for Editor in 0.00 ms.
Mono: successfully reloaded assembly
- Completed reload, in  1.111 seconds
Domain Reload Profiling:
	ReloadAssembly (1112ms)
		BeginReloadAssembly (163ms)
			ExecutionOrderSort (0ms)
			DisableScriptedObjects (6ms)
			BackupInstance (0ms)
			ReleaseScriptingObjects (0ms)
			CreateAndSetChildDomain (21ms)
		EndReloadAssembly (891ms)
			LoadAssemblies (92ms)
			RebuildTransferFunctionScriptingTraits (0ms)
			SetupTypeCache (328ms)
			ReleaseScriptCaches (0ms)
			RebuildScriptCaches (44ms)
			SetupLoadedEditorAssemblies (318ms)
				LogAssemblyErrors (0ms)
				InitializePlatformSupportModulesInManaged (5ms)
				SetLoadedEditorAssemblies (0ms)
				RefreshPlugins (0ms)
				BeforeProcessingInitializeOnLoad (66ms)
				ProcessInitializeOnLoadAttributes (236ms)
				ProcessInitializeOnLoadMethodAttributes (5ms)
				AfterProcessingInitializeOnLoad (5ms)
				EditorAssembliesLoaded (0ms)
			ExecutionOrderSort2 (0ms)
			AwakeInstancesAfterBackupRestoration (7ms)
Platform modules already initialized, skipping
========================================================================
Worker process is ready to serve import requests
Launched and connected shader compiler UnityShaderCompiler.exe after 0.06 seconds
Refreshing native plugins compatible for Editor in 0.78 ms, found 4 plugins.
Preloading 0 native plugins for Editor in 0.00 ms.
Unloading 1446 Unused Serialized files (Serialized files now loaded: 0)
System memory in use before: 83.8 MB.
System memory in use after: 83.9 MB.

Unloading 36 unused Assets to reduce memory usage. Loaded Objects now: 1932.
Total: 3.299400 ms (FindLiveObjects: 0.217100 ms CreateObjectMapping: 0.055300 ms MarkObjects: 2.909600 ms  DeleteObjects: 0.115800 ms)

AssetImportParameters requested are different than current active one (requested -> active):
  custom:framework-win-MediaFoundation: 216162199b28c13a410421893ffa2e32 -> 
  custom:video-decoder-ogg-theora: a1e56fd34408186e4bbccfd4996cb3dc -> 
  custom:container-muxer-webm: aa71ff27fc2769a1b78a27578f13a17b -> 
  custom:container-demuxer-webm: 4f35f7cbe854078d1ac9338744f61a02 -> 
  custom:container-demuxer-ogg: 62fdf1f143b41e24485cea50d1cbac27 -> 
  custom:video-encoder-webm-vp8: eb34c28f22e8b96e1ab97ce403110664 -> 
  custom:video-decoder-webm-vp8: 9c59270c3fd7afecdb556c50c9e8de78 -> 
  custom:audio-decoder-ogg-vorbis: bf7c407c2cedff20999df2af8eb42d56 -> 
  custom:audio-encoder-webm-vorbis: bf7c407c2cedff20999df2af8eb42d56 -> 
========================================================================
Received Import Request.
  path: Assets/Downloaded Assets/Beach Essentials/Prefabs/Surfboard1.prefab
  artifactKey: Guid(744db4b24e25c46dfafd852803eaf62d) Importer(815301076,1909f56bfc062723c751e8b465ee728b)
Start importing Assets/Downloaded Assets/Beach Essentials/Prefabs/Surfboard1.prefab using Guid(744db4b24e25c46dfafd852803eaf62d) Importer(815301076,1909f56bfc062723c751e8b465ee728b)  -> (artifact id: '1fb7198af5a87d11b7bea4dcd83957be') in 0.155007 seconds 
  Import took 0.158185 seconds .

========================================================================
Received Import Request.
  Time since last request: 0.000211 seconds.
  path: Assets/Downloaded Assets/Beach Essentials/Prefabs/BeachChair1.prefab
  artifactKey: Guid(83bd97a15777345c98f6ffef269ce9c6) Importer(815301076,1909f56bfc062723c751e8b465ee728b)
Start importing Assets/Downloaded Assets/Beach Essentials/Prefabs/BeachChair1.prefab using Guid(83bd97a15777345c98f6ffef269ce9c6) Importer(815301076,1909f56bfc062723c751e8b465ee728b)  -> (artifact id: '1cdf7d8ac68701def3b2810cd4645433') in 0.043816 seconds 
  Import took 0.051280 seconds .

========================================================================
Received Import Request.
  Time since last request: 0.000272 seconds.
  path: Assets/Downloaded Assets/Beach Essentials/Meshes/Lifeguardsign.fbx
  artifactKey: Guid(327a1fad143884a30a56c4a086d0d238) Importer(815301076,1909f56bfc062723c751e8b465ee728b)
Start importing Assets/Downloaded Assets/Beach Essentials/Meshes/Lifeguardsign.fbx using Guid(327a1fad143884a30a56c4a086d0d238) Importer(815301076,1909f56bfc062723c751e8b465ee728b)  -> (artifact id: '3f35a737651455c4ffdcc78d02b44623') in 0.078836 seconds 
  Import took 0.082562 seconds .

========================================================================
Received Import Request.
  Time since last request: 0.000173 seconds.
  path: Assets/Downloaded Assets/Beach Essentials/Materials/BeachBall1.mat
  artifactKey: Guid(75d4a74b69bb54a4cb36b3d1754fb6f1) Importer(815301076,1909f56bfc062723c751e8b465ee728b)
Start importing Assets/Downloaded Assets/Beach Essentials/Materials/BeachBall1.mat using Guid(75d4a74b69bb54a4cb36b3d1754fb6f1) Importer(815301076,1909f56bfc062723c751e8b465ee728b)  -> (artifact id: 'd559c5f90a75a71bc7ce3b886c5d1ade') in 0.023466 seconds 
  Import took 0.027392 seconds .

========================================================================
Received Import Request.
  Time since last request: 0.000429 seconds.
  path: Assets/Downloaded Assets/Beach Essentials/Materials/Surfboard2.mat
  artifactKey: Guid(c75328459bad64f998651ef2b233fb40) Importer(815301076,1909f56bfc062723c751e8b465ee728b)
Start importing Assets/Downloaded Assets/Beach Essentials/Materials/Surfboard2.mat using Guid(c75328459bad64f998651ef2b233fb40) Importer(815301076,1909f56bfc062723c751e8b465ee728b)  -> (artifact id: 'b411a0c0fc0ff7b104ecefc094fcfe9e') in 0.017422 seconds 
  Import took 0.021178 seconds .

========================================================================
Received Import Request.
  Time since last request: 0.000205 seconds.
  path: Assets/Downloaded Assets/Beach Essentials/Meshes/Surfboard1.fbx
  artifactKey: Guid(4d166d1773bcb49f79e0192fc0a2ab6b) Importer(815301076,1909f56bfc062723c751e8b465ee728b)
Start importing Assets/Downloaded Assets/Beach Essentials/Meshes/Surfboard1.fbx using Guid(4d166d1773bcb49f79e0192fc0a2ab6b) Importer(815301076,1909f56bfc062723c751e8b465ee728b)  -> (artifact id: 'c28fefd08003fa38d1a48b8e4233a660') in 0.036322 seconds 
  Import took 0.039550 seconds .

========================================================================
Received Import Request.
  Time since last request: 0.000163 seconds.
  path: Assets/Downloaded Assets/Beach Essentials/Textures/Lifeguardsign.png
  artifactKey: Guid(3e9f6fefc3b164e68b09c4b544242abb) Importer(815301076,1909f56bfc062723c751e8b465ee728b)
Start importing Assets/Downloaded Assets/Beach Essentials/Textures/Lifeguardsign.png using Guid(3e9f6fefc3b164e68b09c4b544242abb) Importer(815301076,1909f56bfc062723c751e8b465ee728b)  -> (artifact id: 'e81b12f5a8532595169adc7037b945b0') in 0.021713 seconds 
  Import took 0.024803 seconds .

========================================================================
Received Import Request.
  Time since last request: 0.000327 seconds.
  path: Assets/Downloaded Assets/Beach Essentials/Materials/BeachBall2.mat
  artifactKey: Guid(a600b4815c5bb415685973f956343f12) Importer(815301076,1909f56bfc062723c751e8b465ee728b)
Start importing Assets/Downloaded Assets/Beach Essentials/Materials/BeachBall2.mat using Guid(a600b4815c5bb415685973f956343f12) Importer(815301076,1909f56bfc062723c751e8b465ee728b)  -> (artifact id: '006fbba07cadedfe2718c4fb6b47dc94') in 0.018720 seconds 
  Import took 0.021776 seconds .

========================================================================
Received Import Request.
  Time since last request: 0.000211 seconds.
  path: Assets/Downloaded Assets/Beach Essentials/Prefabs/VolleyballNet.prefab
  artifactKey: Guid(60f00f9b917704995bf06e2fd3c2c543) Importer(815301076,1909f56bfc062723c751e8b465ee728b)
Start importing Assets/Downloaded Assets/Beach Essentials/Prefabs/VolleyballNet.prefab using Guid(60f00f9b917704995bf06e2fd3c2c543) Importer(815301076,1909f56bfc062723c751e8b465ee728b)  -> (artifact id: '501a05cbbd3590f590739849b5a248ef') in 0.024431 seconds 
  Import took 0.027390 seconds .

========================================================================
Received Import Request.
  Time since last request: 0.000176 seconds.
  path: Assets/Downloaded Assets/Beach Essentials/Materials/Sand 1.mat
  artifactKey: Guid(3af64082e921c41879686609e4abf04e) Importer(815301076,1909f56bfc062723c751e8b465ee728b)
Start importing Assets/Downloaded Assets/Beach Essentials/Materials/Sand 1.mat using Guid(3af64082e921c41879686609e4abf04e) Importer(815301076,1909f56bfc062723c751e8b465ee728b)  -> (artifact id: '2f7476efeac4fde0cf1633dac61cef54') in 0.021670 seconds 
  Import took 0.024373 seconds .

========================================================================
Received Import Request.
  Time since last request: 0.000199 seconds.
  path: Assets/Downloaded Assets/Beach Essentials/Materials/Posts.mat
  artifactKey: Guid(3985ea8d37a144d8ea14e1b990323cb4) Importer(815301076,1909f56bfc062723c751e8b465ee728b)
Start importing Assets/Downloaded Assets/Beach Essentials/Materials/Posts.mat using Guid(3985ea8d37a144d8ea14e1b990323cb4) Importer(815301076,1909f56bfc062723c751e8b465ee728b)  -> (artifact id: '0c9990b81231570e3e241cd510aa8c58') in 0.016854 seconds 
  Import took 0.020540 seconds .

========================================================================
Received Import Request.
  Time since last request: 0.000206 seconds.
  path: Assets/Downloaded Assets/Beach Essentials/Textures/TexturesCom_Metal_SteelRusted_512_normal.tif
  artifactKey: Guid(cc7dbbe2709124a4899fc5db52c4c697) Importer(815301076,1909f56bfc062723c751e8b465ee728b)
Start importing Assets/Downloaded Assets/Beach Essentials/Textures/TexturesCom_Metal_SteelRusted_512_normal.tif using Guid(cc7dbbe2709124a4899fc5db52c4c697) Importer(815301076,1909f56bfc062723c751e8b465ee728b)  -> (artifact id: '30caf60ced49cd8b934c2721790ae1d8') in 0.024929 seconds 
  Import took 0.029898 seconds .

========================================================================
Received Import Request.
  Time since last request: 0.000160 seconds.
  path: Assets/Downloaded Assets/Beach Essentials/Prefabs/Beachball2.prefab
  artifactKey: Guid(7e2ebd9ccc7214b6abf033ced06d3c20) Importer(815301076,1909f56bfc062723c751e8b465ee728b)
Start importing Assets/Downloaded Assets/Beach Essentials/Prefabs/Beachball2.prefab using Guid(7e2ebd9ccc7214b6abf033ced06d3c20) Importer(815301076,1909f56bfc062723c751e8b465ee728b)  -> (artifact id: '53d5ecafba23898cbec92ec56cefb7fe') in 0.020756 seconds 
  Import took 0.024065 seconds .

========================================================================
Received Import Request.
  Time since last request: 0.000202 seconds.
  path: Assets/Downloaded Assets/Beach Essentials/Materials/Lifeguardsign 1.mat
  artifactKey: Guid(12b4978b5b978488b8551215b2bf31aa) Importer(815301076,1909f56bfc062723c751e8b465ee728b)
Start importing Assets/Downloaded Assets/Beach Essentials/Materials/Lifeguardsign 1.mat using Guid(12b4978b5b978488b8551215b2bf31aa) Importer(815301076,1909f56bfc062723c751e8b465ee728b)  -> (artifact id: 'bd00987c2b50b92d7412bc6dcd11e667') in 0.018468 seconds 
  Import took 0.021812 seconds .

========================================================================
Received Import Request.
  Time since last request: 0.000202 seconds.
  path: Assets/Downloaded Assets/Beach Essentials/Materials/WhitePlastic 1.mat
  artifactKey: Guid(5c01bc643ce864e17a6bf4f822fcab5f) Importer(815301076,1909f56bfc062723c751e8b465ee728b)
Start importing Assets/Downloaded Assets/Beach Essentials/Materials/WhitePlastic 1.mat using Guid(5c01bc643ce864e17a6bf4f822fcab5f) Importer(815301076,1909f56bfc062723c751e8b465ee728b)  -> (artifact id: '5b0b9ac01347796fb7d65d9c7a285a2b') in 0.022665 seconds 
  Import took 0.026278 seconds .

========================================================================
Received Import Request.
  Time since last request: 0.000186 seconds.
  path: Assets/Downloaded Assets/Beach Essentials/Textures/SurfTexture3.png
  artifactKey: Guid(674220fbcead044d3a2276c1479490b5) Importer(815301076,1909f56bfc062723c751e8b465ee728b)
Start importing Assets/Downloaded Assets/Beach Essentials/Textures/SurfTexture3.png using Guid(674220fbcead044d3a2276c1479490b5) Importer(815301076,1909f56bfc062723c751e8b465ee728b)  -> (artifact id: 'b0c6e033ea0cd4835fb593d88922c78c') in 0.016747 seconds 
  Import took 0.019860 seconds .

========================================================================
Received Import Request.
  Time since last request: 0.000193 seconds.
  path: Assets/Downloaded Assets/Beach Essentials/Meshes/BeachBucket.fbx
  artifactKey: Guid(938364dc1f18e4f9a845235082711a18) Importer(815301076,1909f56bfc062723c751e8b465ee728b)
Start importing Assets/Downloaded Assets/Beach Essentials/Meshes/BeachBucket.fbx using Guid(938364dc1f18e4f9a845235082711a18) Importer(815301076,1909f56bfc062723c751e8b465ee728b)  -> (artifact id: '26cf5238bd32cbf97ceb977014db9cca') in 0.076987 seconds 
  Import took 0.081246 seconds .

========================================================================
Received Import Request.
  Time since last request: 0.000350 seconds.
  path: Assets/Downloaded Assets/Beach Essentials/Materials/Surfboard1.mat
  artifactKey: Guid(4d7e58d296561408a9a866c4139855c0) Importer(815301076,1909f56bfc062723c751e8b465ee728b)
Start importing Assets/Downloaded Assets/Beach Essentials/Materials/Surfboard1.mat using Guid(4d7e58d296561408a9a866c4139855c0) Importer(815301076,1909f56bfc062723c751e8b465ee728b)  -> (artifact id: '056be57bbf835b34ce7237916cf370c6') in 0.023720 seconds 
  Import took 0.030288 seconds .

========================================================================
Received Import Request.
  Time since last request: 0.000220 seconds.
  path: Assets/Downloaded Assets/Beach Essentials/Prefabs/Old Volleyball.prefab
  artifactKey: Guid(2b90d0c38e99d41acaa02470d023066d) Importer(815301076,1909f56bfc062723c751e8b465ee728b)
Start importing Assets/Downloaded Assets/Beach Essentials/Prefabs/Old Volleyball.prefab using Guid(2b90d0c38e99d41acaa02470d023066d) Importer(815301076,1909f56bfc062723c751e8b465ee728b)  -> (artifact id: '83405480d58b34ccada1d7915801717b') in 0.024942 seconds 
  Import took 0.028972 seconds .

========================================================================
Received Import Request.
  Time since last request: 0.000214 seconds.
  path: Assets/Downloaded Assets/Beach Essentials/Textures/SchemeFabric2.png
  artifactKey: Guid(c9d06daedaee740bdab4c934047b6873) Importer(815301076,1909f56bfc062723c751e8b465ee728b)
Start importing Assets/Downloaded Assets/Beach Essentials/Textures/SchemeFabric2.png using Guid(c9d06daedaee740bdab4c934047b6873) Importer(815301076,1909f56bfc062723c751e8b465ee728b)  -> (artifact id: 'eeac605d5c36f2d12bdcf04cf72c9496') in 0.018910 seconds 
  Import took 0.024055 seconds .

========================================================================
Received Import Request.
  Time since last request: 0.000191 seconds.
  path: Assets/Downloaded Assets/Beach Essentials/Textures/Volleyball.png
  artifactKey: Guid(7be49c2df59dd4cd3a1e562a7c4a3ab6) Importer(815301076,1909f56bfc062723c751e8b465ee728b)
Start importing Assets/Downloaded Assets/Beach Essentials/Textures/Volleyball.png using Guid(7be49c2df59dd4cd3a1e562a7c4a3ab6) Importer(815301076,1909f56bfc062723c751e8b465ee728b)  -> (artifact id: 'adce3b4b2143f64eaf92c53e5bf095dc') in 0.018249 seconds 
  Import took 0.021230 seconds .

========================================================================
Received Import Request.
  Time since last request: 0.000222 seconds.
  path: Assets/Downloaded Assets/Beach Essentials/Prefabs/Beachball.prefab
  artifactKey: Guid(a53dc7c14dd524d869aff830ceb6addb) Importer(815301076,1909f56bfc062723c751e8b465ee728b)
Start importing Assets/Downloaded Assets/Beach Essentials/Prefabs/Beachball.prefab using Guid(a53dc7c14dd524d869aff830ceb6addb) Importer(815301076,1909f56bfc062723c751e8b465ee728b)  -> (artifact id: '8135299cf616955d394b74ee28bfc98b') in 0.025861 seconds 
  Import took 0.029822 seconds .

========================================================================
Received Import Request.
  Time since last request: 0.000209 seconds.
  path: Assets/Downloaded Assets/Beach Essentials/Materials/Volleyball.mat
  artifactKey: Guid(4d22fd953ecfa4143bb41f29dd8db3e1) Importer(815301076,1909f56bfc062723c751e8b465ee728b)
Start importing Assets/Downloaded Assets/Beach Essentials/Materials/Volleyball.mat using Guid(4d22fd953ecfa4143bb41f29dd8db3e1) Importer(815301076,1909f56bfc062723c751e8b465ee728b)  -> (artifact id: '0e5c46659714a43779db8b88ea03350e') in 0.020469 seconds 
  Import took 0.024437 seconds .

========================================================================
Received Import Request.
  Time since last request: 0.000315 seconds.
  path: Assets/Downloaded Assets/Beach Essentials/Prefabs/PicnicTable.prefab
  artifactKey: Guid(6b33a32ee238540e196deb1d94f361dd) Importer(815301076,1909f56bfc062723c751e8b465ee728b)
Start importing Assets/Downloaded Assets/Beach Essentials/Prefabs/PicnicTable.prefab using Guid(6b33a32ee238540e196deb1d94f361dd) Importer(815301076,1909f56bfc062723c751e8b465ee728b)  -> (artifact id: '5c5bb41bf6e2bcd94691f8f40f4cfc13') in 0.040342 seconds 
  Import took 0.046366 seconds .

========================================================================
Received Import Request.
  Time since last request: 0.000216 seconds.
  path: Assets/Downloaded Assets/Beach Essentials/Prefabs/Lifesaver.prefab
  artifactKey: Guid(7b047d6be874343ed89b39217d759622) Importer(815301076,1909f56bfc062723c751e8b465ee728b)
Start importing Assets/Downloaded Assets/Beach Essentials/Prefabs/Lifesaver.prefab using Guid(7b047d6be874343ed89b39217d759622) Importer(815301076,1909f56bfc062723c751e8b465ee728b)  -> (artifact id: 'ff7bc510af485627e31a2e628ed33662') in 0.022803 seconds 
  Import took 0.026292 seconds .

========================================================================
Received Import Request.
  Time since last request: 0.000244 seconds.
  path: Assets/Downloaded Assets/Beach Essentials/Meshes/PicnicTable.fbx
  artifactKey: Guid(163bafb9dd3d945e79eb4aef7d9a3822) Importer(815301076,1909f56bfc062723c751e8b465ee728b)
Start importing Assets/Downloaded Assets/Beach Essentials/Meshes/PicnicTable.fbx using Guid(163bafb9dd3d945e79eb4aef7d9a3822) Importer(815301076,1909f56bfc062723c751e8b465ee728b)  -> (artifact id: 'a5a3e5ca3c0384135064625f6ac231df') in 0.033921 seconds 
  Import took 0.037828 seconds .

========================================================================
Received Import Request.
  Time since last request: 0.000182 seconds.
  path: Assets/Downloaded Assets/Beach Essentials/Materials/WhitePlastic.mat
  artifactKey: Guid(deafec7ce084d45b0b2094def4e6e184) Importer(815301076,1909f56bfc062723c751e8b465ee728b)
Start importing Assets/Downloaded Assets/Beach Essentials/Materials/WhitePlastic.mat using Guid(deafec7ce084d45b0b2094def4e6e184) Importer(815301076,1909f56bfc062723c751e8b465ee728b)  -> (artifact id: '2adc32d849dba0333865f6dadd89e453') in 0.031782 seconds 
  Import took 0.035992 seconds .

========================================================================
Received Import Request.
  Time since last request: 0.000317 seconds.
  path: Assets/Downloaded Assets/Beach Essentials/Materials/WhitePlastic 2.mat
  artifactKey: Guid(97ada3cbe8c0640b2847fa7b7916757d) Importer(815301076,1909f56bfc062723c751e8b465ee728b)
Start importing Assets/Downloaded Assets/Beach Essentials/Materials/WhitePlastic 2.mat using Guid(97ada3cbe8c0640b2847fa7b7916757d) Importer(815301076,1909f56bfc062723c751e8b465ee728b)  -> (artifact id: '52e39b17d340f5c6cbfa74aa90bb5273') in 0.029593 seconds 
  Import took 0.037237 seconds .

========================================================================
Received Import Request.
  Time since last request: 0.000433 seconds.
  path: Assets/Downloaded Assets/Beach Essentials/Materials/BeachSky.mat
  artifactKey: Guid(26093e06623964a08b877b28306de052) Importer(815301076,1909f56bfc062723c751e8b465ee728b)
Start importing Assets/Downloaded Assets/Beach Essentials/Materials/BeachSky.mat using Guid(26093e06623964a08b877b28306de052) Importer(815301076,1909f56bfc062723c751e8b465ee728b)  -> (artifact id: '59f74106b60c00878f1793e75f3b06fa') in 0.032184 seconds 
  Import took 0.036242 seconds .

========================================================================
Received Import Request.
  Time since last request: 0.000308 seconds.
  path: Assets/Downloaded Assets/Beach Essentials/Prefabs/Tile.prefab
  artifactKey: Guid(260468afc781da142a66eb2002ef4667) Importer(815301076,1909f56bfc062723c751e8b465ee728b)
Start importing Assets/Downloaded Assets/Beach Essentials/Prefabs/Tile.prefab using Guid(260468afc781da142a66eb2002ef4667) Importer(815301076,1909f56bfc062723c751e8b465ee728b)  -> (artifact id: 'b20db45aad8aca915623482ed7fb5af9') in 0.266674 seconds 
  Import took 0.274615 seconds .

========================================================================
Received Import Request.
  Time since last request: 0.000298 seconds.
  path: Assets/Downloaded Assets/Beach Essentials/Meshes/Surfboard2.fbx
  artifactKey: Guid(594e3614c0c05436bad97c28c2394b96) Importer(815301076,1909f56bfc062723c751e8b465ee728b)
Start importing Assets/Downloaded Assets/Beach Essentials/Meshes/Surfboard2.fbx using Guid(594e3614c0c05436bad97c28c2394b96) Importer(815301076,1909f56bfc062723c751e8b465ee728b)  -> (artifact id: '640f20d8dc473a4cfdfdad8690c953e2') in 0.044154 seconds 
  Import took 0.048827 seconds .

========================================================================
Received Import Request.
  Time since last request: 0.000278 seconds.
  path: Assets/Downloaded Assets/Beach Essentials/Materials/Fabric3.mat
  artifactKey: Guid(fe9dbc30a401e48a588e7f750038f554) Importer(815301076,1909f56bfc062723c751e8b465ee728b)
Start importing Assets/Downloaded Assets/Beach Essentials/Materials/Fabric3.mat using Guid(fe9dbc30a401e48a588e7f750038f554) Importer(815301076,1909f56bfc062723c751e8b465ee728b)  -> (artifact id: '7ae426c688ef5450afed293262707313') in 0.031675 seconds 
  Import took 0.037592 seconds .

========================================================================
Received Import Request.
  Time since last request: 0.000282 seconds.
  path: Assets/Downloaded Assets/Beach Essentials/Meshes/Umbrella.fbx
  artifactKey: Guid(749893d2eefe544fa9e84282bae1e34c) Importer(815301076,1909f56bfc062723c751e8b465ee728b)
Start importing Assets/Downloaded Assets/Beach Essentials/Meshes/Umbrella.fbx using Guid(749893d2eefe544fa9e84282bae1e34c) Importer(815301076,1909f56bfc062723c751e8b465ee728b)  -> (artifact id: '17d0eeaf22f3f2bae1d814073f1169f0') in 0.114001 seconds 
  Import took 0.118644 seconds .

========================================================================
Received Import Request.
  Time since last request: 0.000298 seconds.
  path: Assets/Downloaded Assets/Beach Essentials/Materials/WhiteFaric.mat
  artifactKey: Guid(9adef8f06f4ce49ec83bbe26b0ec3e12) Importer(815301076,1909f56bfc062723c751e8b465ee728b)
Start importing Assets/Downloaded Assets/Beach Essentials/Materials/WhiteFaric.mat using Guid(9adef8f06f4ce49ec83bbe26b0ec3e12) Importer(815301076,1909f56bfc062723c751e8b465ee728b)  -> (artifact id: 'ab7a42abf8122367adb73207a1cbb057') in 0.027867 seconds 
  Import took 0.033558 seconds .

========================================================================
Received Import Request.
  Time since last request: 0.000282 seconds.
  path: Assets/Downloaded Assets/Beach Essentials/Textures/volleyballnormal.png
  artifactKey: Guid(ffed944801b3443688d6a8e5c42ad4c2) Importer(815301076,1909f56bfc062723c751e8b465ee728b)
Start importing Assets/Downloaded Assets/Beach Essentials/Textures/volleyballnormal.png using Guid(ffed944801b3443688d6a8e5c42ad4c2) Importer(815301076,1909f56bfc062723c751e8b465ee728b)  -> (artifact id: '95b96a8a6cef13a54c1a2359c3c77e34') in 0.021276 seconds 
  Import took 0.026129 seconds .

========================================================================
Received Import Request.
  Time since last request: 0.000317 seconds.
  path: Assets/Downloaded Assets/Beach Essentials/Textures/Sand 2.png
  artifactKey: Guid(69d47a0aa99124c4a812dc71d7662e93) Importer(815301076,1909f56bfc062723c751e8b465ee728b)
Start importing Assets/Downloaded Assets/Beach Essentials/Textures/Sand 2.png using Guid(69d47a0aa99124c4a812dc71d7662e93) Importer(815301076,1909f56bfc062723c751e8b465ee728b)  -> (artifact id: '9eba00849db45d46c1b61fb8d64280f4') in 0.024679 seconds 
  Import took 0.029559 seconds .

========================================================================
Received Import Request.
  Time since last request: 0.000294 seconds.
  path: Assets/Downloaded Assets/Beach Essentials/Materials/WhiteMetal.mat
  artifactKey: Guid(884a832ee5d774caf9f79c343345c662) Importer(815301076,1909f56bfc062723c751e8b465ee728b)
Start importing Assets/Downloaded Assets/Beach Essentials/Materials/WhiteMetal.mat using Guid(884a832ee5d774caf9f79c343345c662) Importer(815301076,1909f56bfc062723c751e8b465ee728b)  -> (artifact id: 'a96b0358bb105081561795b4c7dc0beb') in 0.026726 seconds 
  Import took 0.031649 seconds .

========================================================================
Received Import Request.
  Time since last request: 0.000301 seconds.
  path: Assets/Downloaded Assets/Beach Essentials/Materials/RedFabric.mat
  artifactKey: Guid(ab3002cc8d859499ca0396944e01a510) Importer(815301076,1909f56bfc062723c751e8b465ee728b)
Start importing Assets/Downloaded Assets/Beach Essentials/Materials/RedFabric.mat using Guid(ab3002cc8d859499ca0396944e01a510) Importer(815301076,1909f56bfc062723c751e8b465ee728b)  -> (artifact id: 'afc311d00d56a02b7bdd34f39a62982f') in 0.028486 seconds 
  Import took 0.033853 seconds .

========================================================================
Received Import Request.
  Time since last request: 0.000306 seconds.
  path: Assets/Downloaded Assets/Beach Essentials/Materials/Lifeguardsign.mat
  artifactKey: Guid(8f15b41e787a846bca9f97ace068ce58) Importer(815301076,1909f56bfc062723c751e8b465ee728b)
Start importing Assets/Downloaded Assets/Beach Essentials/Materials/Lifeguardsign.mat using Guid(8f15b41e787a846bca9f97ace068ce58) Importer(815301076,1909f56bfc062723c751e8b465ee728b)  -> (artifact id: '9e29c84a93ca2c3e4bf3a4bcd0351668') in 0.023593 seconds 
  Import took 0.027896 seconds .

========================================================================
Received Import Request.
  Time since last request: 0.000260 seconds.
  path: Assets/Downloaded Assets/Beach Essentials/Materials/Wood1.mat
  artifactKey: Guid(e64535f49e86c4cd69e61347d9f26b07) Importer(815301076,1909f56bfc062723c751e8b465ee728b)
Start importing Assets/Downloaded Assets/Beach Essentials/Materials/Wood1.mat using Guid(e64535f49e86c4cd69e61347d9f26b07) Importer(815301076,1909f56bfc062723c751e8b465ee728b)  -> (artifact id: 'a3821b1a53ff86140a66dca0ed4bd702') in 0.028293 seconds 
  Import took 0.032545 seconds .

========================================================================
Received Import Request.
  Time since last request: 0.000322 seconds.
  path: Assets/Downloaded Assets/Beach Essentials/Meshes/VolleyballNet.fbx
  artifactKey: Guid(e7ca39643562c43ed8c0bd6af4dc4645) Importer(815301076,1909f56bfc062723c751e8b465ee728b)
Start importing Assets/Downloaded Assets/Beach Essentials/Meshes/VolleyballNet.fbx using Guid(e7ca39643562c43ed8c0bd6af4dc4645) Importer(815301076,1909f56bfc062723c751e8b465ee728b)  -> (artifact id: '0f393f70709a27f116a58eb307253034') in 0.086145 seconds 
  Import took 0.090739 seconds .

========================================================================
Received Import Request.
  Time since last request: 0.000222 seconds.
  path: Assets/Downloaded Assets/Beach Essentials/Textures/Posts.png
  artifactKey: Guid(8b6f7a826c28d4868bda812f136b07e4) Importer(815301076,1909f56bfc062723c751e8b465ee728b)
Start importing Assets/Downloaded Assets/Beach Essentials/Textures/Posts.png using Guid(8b6f7a826c28d4868bda812f136b07e4) Importer(815301076,1909f56bfc062723c751e8b465ee728b)  -> (artifact id: 'b84b8ea3b4f64b6fb22ce6542ed2f769') in 0.021173 seconds 
  Import took 0.025267 seconds .

========================================================================
Received Import Request.
  Time since last request: 0.000248 seconds.
  path: Assets/Downloaded Assets/Beach Essentials/Textures/Beachball1.png
  artifactKey: Guid(7f98de9377d88466a992d9bfb2b4aac1) Importer(815301076,1909f56bfc062723c751e8b465ee728b)
Start importing Assets/Downloaded Assets/Beach Essentials/Textures/Beachball1.png using Guid(7f98de9377d88466a992d9bfb2b4aac1) Importer(815301076,1909f56bfc062723c751e8b465ee728b)  -> (artifact id: '499436afb4b66eb85b2e731afa151e31') in 0.026952 seconds 
  Import took 0.032651 seconds .

========================================================================
Received Import Request.
  Time since last request: 0.000972 seconds.
  path: Assets/Downloaded Assets/Beach Essentials/Prefabs/Beachchair(Foldable) 2.prefab
  artifactKey: Guid(5ec45ad715b4d4c23938acde15e70e43) Importer(815301076,1909f56bfc062723c751e8b465ee728b)
Start importing Assets/Downloaded Assets/Beach Essentials/Prefabs/Beachchair(Foldable) 2.prefab using Guid(5ec45ad715b4d4c23938acde15e70e43) Importer(815301076,1909f56bfc062723c751e8b465ee728b)  -> (artifact id: 'ea262e0907e40a6ea19b0ce7a4e233ea') in 0.035726 seconds 
  Import took 0.042987 seconds .

========================================================================
Received Import Request.
  Time since last request: 0.002263 seconds.
  path: Assets/Downloaded Assets/Beach Essentials/Materials/BlackPlastic.mat
  artifactKey: Guid(df824209ab05748989e1dd73d46b4978) Importer(815301076,1909f56bfc062723c751e8b465ee728b)
Start importing Assets/Downloaded Assets/Beach Essentials/Materials/BlackPlastic.mat using Guid(df824209ab05748989e1dd73d46b4978) Importer(815301076,1909f56bfc062723c751e8b465ee728b)  -> (artifact id: '310cf4de3ea2d9eb50738506b5077d90') in 0.040159 seconds 
  Import took 0.055538 seconds .

========================================================================
Received Import Request.
  Time since last request: 0.000279 seconds.
  path: Assets/Downloaded Assets/Beach Essentials/Textures/SurfTexture2.png
  artifactKey: Guid(0789c8dea9d1944f5bc8b022e7d5d595) Importer(815301076,1909f56bfc062723c751e8b465ee728b)
Start importing Assets/Downloaded Assets/Beach Essentials/Textures/SurfTexture2.png using Guid(0789c8dea9d1944f5bc8b022e7d5d595) Importer(815301076,1909f56bfc062723c751e8b465ee728b)  -> (artifact id: 'faf045a0aabaf1302012a77cd384e0c8') in 0.024436 seconds 
  Import took 0.030883 seconds .

========================================================================
Received Import Request.
  Time since last request: 0.000313 seconds.
  path: Assets/Downloaded Assets/Beach Essentials/Textures/BeachSky.png
  artifactKey: Guid(27b8f8660067f454d8c1715d96448208) Importer(815301076,1909f56bfc062723c751e8b465ee728b)
Start importing Assets/Downloaded Assets/Beach Essentials/Textures/BeachSky.png using Guid(27b8f8660067f454d8c1715d96448208) Importer(815301076,1909f56bfc062723c751e8b465ee728b)  -> (artifact id: 'bc22c2de1e1f32d282fd9f494a9f00ee') in 0.018140 seconds 
  Import took 0.021573 seconds .

========================================================================
Received Import Request.
  Time since last request: 0.000239 seconds.
  path: Assets/Downloaded Assets/Beach Essentials/Materials/RedPlastic.mat
  artifactKey: Guid(0b9b5e31bf5fd47ae8ad9c8ea777fd0c) Importer(815301076,1909f56bfc062723c751e8b465ee728b)
Start importing Assets/Downloaded Assets/Beach Essentials/Materials/RedPlastic.mat using Guid(0b9b5e31bf5fd47ae8ad9c8ea777fd0c) Importer(815301076,1909f56bfc062723c751e8b465ee728b)  -> (artifact id: '5230d10577b84fafaa39565b612f95ac') in 0.018661 seconds 
  Import took 0.022044 seconds .

========================================================================
Received Import Request.
  Time since last request: 0.000294 seconds.
  path: Assets/Downloaded Assets/Beach Essentials/Prefabs/Surfboard2.prefab
  artifactKey: Guid(c259968d1caaa4635b7c13f3f94e251e) Importer(815301076,1909f56bfc062723c751e8b465ee728b)
Start importing Assets/Downloaded Assets/Beach Essentials/Prefabs/Surfboard2.prefab using Guid(c259968d1caaa4635b7c13f3f94e251e) Importer(815301076,1909f56bfc062723c751e8b465ee728b)  -> (artifact id: 'e216814d95eaa9436e450dafe8765927') in 0.020034 seconds 
  Import took 0.024367 seconds .

========================================================================
Received Import Request.
  Time since last request: 0.000288 seconds.
  path: Assets/Downloaded Assets/Beach Essentials/Materials/Fabric1.mat
  artifactKey: Guid(e55dcda15a8784e7692545198b29d62a) Importer(815301076,1909f56bfc062723c751e8b465ee728b)
Start importing Assets/Downloaded Assets/Beach Essentials/Materials/Fabric1.mat using Guid(e55dcda15a8784e7692545198b29d62a) Importer(815301076,1909f56bfc062723c751e8b465ee728b)  -> (artifact id: '95325ec19c6e0ca10ac6c609d92d0106') in 0.020162 seconds 
  Import took 0.024222 seconds .

========================================================================
Received Import Request.
  Time since last request: 0.000189 seconds.
  path: Assets/Downloaded Assets/Beach Essentials/Textures/Sand.png
  artifactKey: Guid(ad70cf80be4314a5ea60b3ae90bd754a) Importer(815301076,1909f56bfc062723c751e8b465ee728b)
Start importing Assets/Downloaded Assets/Beach Essentials/Textures/Sand.png using Guid(ad70cf80be4314a5ea60b3ae90bd754a) Importer(815301076,1909f56bfc062723c751e8b465ee728b)  -> (artifact id: '9d9f74459e86440ce0050c47bcef0c32') in 0.014018 seconds 
  Import took 0.017494 seconds .

========================================================================
Received Import Request.
  Time since last request: 0.000207 seconds.
  path: Assets/Downloaded Assets/Beach Essentials/Textures/TexturesCom_WoodFine0059_11_seamless_S.png
  artifactKey: Guid(3a55a996f243144bab619e346fb9fa33) Importer(815301076,1909f56bfc062723c751e8b465ee728b)
Start importing Assets/Downloaded Assets/Beach Essentials/Textures/TexturesCom_WoodFine0059_11_seamless_S.png using Guid(3a55a996f243144bab619e346fb9fa33) Importer(815301076,1909f56bfc062723c751e8b465ee728b)  -> (artifact id: 'e65572ab9db0ca31ce4d2cd023dc8b8d') in 0.017778 seconds 
  Import took 0.022673 seconds .

========================================================================
Received Import Request.
  Time since last request: 0.000207 seconds.
  path: Assets/Downloaded Assets/Beach Essentials/Materials/Rope.mat
  artifactKey: Guid(0a45db726da4348389b2b4b2874befdb) Importer(815301076,1909f56bfc062723c751e8b465ee728b)
Start importing Assets/Downloaded Assets/Beach Essentials/Materials/Rope.mat using Guid(0a45db726da4348389b2b4b2874befdb) Importer(815301076,1909f56bfc062723c751e8b465ee728b)  -> (artifact id: 'f3dcb1dcb2397fdb39cf24004dc5ee42') in 0.016883 seconds 
  Import took 0.020678 seconds .

========================================================================
Received Import Request.
  Time since last request: 0.000232 seconds.
  path: Assets/Downloaded Assets/Beach Essentials/Textures/TexturesCom_Various0236_2_seamless_S.png
  artifactKey: Guid(98d8a91a5541844a0a8ac070933c78ce) Importer(815301076,1909f56bfc062723c751e8b465ee728b)
Start importing Assets/Downloaded Assets/Beach Essentials/Textures/TexturesCom_Various0236_2_seamless_S.png using Guid(98d8a91a5541844a0a8ac070933c78ce) Importer(815301076,1909f56bfc062723c751e8b465ee728b)  -> (artifact id: 'a01185a369594aaa401e807113c11b1c') in 0.016009 seconds 
  Import took 0.019030 seconds .

========================================================================
Received Import Request.
  Time since last request: 0.000215 seconds.
  path: Assets/Downloaded Assets/Beach Essentials/Textures/umbrella1.png
  artifactKey: Guid(28833988ad0d646908f84cbaf04b07d1) Importer(815301076,1909f56bfc062723c751e8b465ee728b)
Start importing Assets/Downloaded Assets/Beach Essentials/Textures/umbrella1.png using Guid(28833988ad0d646908f84cbaf04b07d1) Importer(815301076,1909f56bfc062723c751e8b465ee728b)  -> (artifact id: 'f88c865a644c89f9827248621cb58ad7') in 0.014870 seconds 
  Import took 0.018583 seconds .

========================================================================
Received Import Request.
  Time since last request: 0.000689 seconds.
  path: Assets/Downloaded Assets/Beach Essentials/Textures/whitewood.png
  artifactKey: Guid(d2ae59efa9033445791b2f14cc8591df) Importer(815301076,1909f56bfc062723c751e8b465ee728b)
Start importing Assets/Downloaded Assets/Beach Essentials/Textures/whitewood.png using Guid(d2ae59efa9033445791b2f14cc8591df) Importer(815301076,1909f56bfc062723c751e8b465ee728b)  -> (artifact id: 'f4adb1990d0530a353b227c9cc52f577') in 0.014649 seconds 
  Import took 0.020771 seconds .

========================================================================
Received Import Request.
  Time since last request: 0.000505 seconds.
  path: Assets/Downloaded Assets/Beach Essentials/Meshes/BeachUmbrella.fbx
  artifactKey: Guid(e7d946ff6489149178114101bff87533) Importer(815301076,1909f56bfc062723c751e8b465ee728b)
Start importing Assets/Downloaded Assets/Beach Essentials/Meshes/BeachUmbrella.fbx using Guid(e7d946ff6489149178114101bff87533) Importer(815301076,1909f56bfc062723c751e8b465ee728b)  -> (artifact id: 'ac5c5d747d1915a6f7bd0b0c3c8a5859') in 0.069606 seconds 
  Import took 0.072561 seconds .

========================================================================
Received Import Request.
  Time since last request: 0.000178 seconds.
  path: Assets/Downloaded Assets/Beach Essentials/Textures/TexturesCom_Various0236_1_seamless_S.png
  artifactKey: Guid(e66e9f96e2ce745ac82425b8f65d847d) Importer(815301076,1909f56bfc062723c751e8b465ee728b)
Start importing Assets/Downloaded Assets/Beach Essentials/Textures/TexturesCom_Various0236_1_seamless_S.png using Guid(e66e9f96e2ce745ac82425b8f65d847d) Importer(815301076,1909f56bfc062723c751e8b465ee728b)  -> (artifact id: '3f285cb31d9d538ec1e468a2c7aeed2a') in 0.013390 seconds 
  Import took 0.015754 seconds .

========================================================================
Received Import Request.
  Time since last request: 0.000246 seconds.
  path: Assets/Downloaded Assets/Beach Essentials/Prefabs/BeachUmbrella.prefab
  artifactKey: Guid(c42244228094d412d95b66c1116ba56c) Importer(815301076,1909f56bfc062723c751e8b465ee728b)
Start importing Assets/Downloaded Assets/Beach Essentials/Prefabs/BeachUmbrella.prefab using Guid(c42244228094d412d95b66c1116ba56c) Importer(815301076,1909f56bfc062723c751e8b465ee728b)  -> (artifact id: 'f62899c5deaaf6b4e523961236673b82') in 0.018865 seconds 
  Import took 0.022154 seconds .

========================================================================
Received Import Request.
  Time since last request: 0.000199 seconds.
  path: Assets/Downloaded Assets/Beach Essentials/Materials/Chrome.mat
  artifactKey: Guid(41072158194174af7ae91b0a3e174ad1) Importer(815301076,1909f56bfc062723c751e8b465ee728b)
Start importing Assets/Downloaded Assets/Beach Essentials/Materials/Chrome.mat using Guid(41072158194174af7ae91b0a3e174ad1) Importer(815301076,1909f56bfc062723c751e8b465ee728b)  -> (artifact id: 'd0d0c1e395b7a78b4226190f21b3d634') in 0.017203 seconds 
  Import took 0.022222 seconds .

========================================================================
Received Import Request.
  Time since last request: 0.000178 seconds.
  path: Assets/Downloaded Assets/Beach Essentials/Prefabs/Volleyball.prefab
  artifactKey: Guid(60f4bdfb49a7840a2989bbd741e814f2) Importer(815301076,1909f56bfc062723c751e8b465ee728b)
Start importing Assets/Downloaded Assets/Beach Essentials/Prefabs/Volleyball.prefab using Guid(60f4bdfb49a7840a2989bbd741e814f2) Importer(815301076,1909f56bfc062723c751e8b465ee728b)  -> (artifact id: '577c070dc8f9c73889aea409d6bba703') in 0.018132 seconds 
  Import took 0.021224 seconds .

========================================================================
Received Import Request.
  Time since last request: 0.000157 seconds.
  path: Assets/Downloaded Assets/Beach Essentials/Textures/Beachball2.png
  artifactKey: Guid(d158d3939027948e8b28c26ac4ad2802) Importer(815301076,1909f56bfc062723c751e8b465ee728b)
Start importing Assets/Downloaded Assets/Beach Essentials/Textures/Beachball2.png using Guid(d158d3939027948e8b28c26ac4ad2802) Importer(815301076,1909f56bfc062723c751e8b465ee728b)  -> (artifact id: '17a21f4afc46665284d62a231ce8a99d') in 0.014206 seconds 
  Import took 0.016855 seconds .

========================================================================
Received Import Request.
  Time since last request: 0.000148 seconds.
  path: Assets/Downloaded Assets/Beach Essentials/Prefabs/Beachchair(Foldable).prefab
  artifactKey: Guid(1dc3fac990a434af8bb491ba17503d86) Importer(815301076,1909f56bfc062723c751e8b465ee728b)
Start importing Assets/Downloaded Assets/Beach Essentials/Prefabs/Beachchair(Foldable).prefab using Guid(1dc3fac990a434af8bb491ba17503d86) Importer(815301076,1909f56bfc062723c751e8b465ee728b)  -> (artifact id: 'b05b068c4c1df0e807854f860b6926a0') in 0.024830 seconds 
  Import took 0.028345 seconds .

========================================================================
Received Import Request.
  Time since last request: 0.000387 seconds.
  path: Assets/Downloaded Assets/Beach Essentials/Materials/Sand.mat
  artifactKey: Guid(36dc31c319681407abc2da4ddfe78a8a) Importer(815301076,1909f56bfc062723c751e8b465ee728b)
Start importing Assets/Downloaded Assets/Beach Essentials/Materials/Sand.mat using Guid(36dc31c319681407abc2da4ddfe78a8a) Importer(815301076,1909f56bfc062723c751e8b465ee728b)  -> (artifact id: '8a56321e40f5429d53afed76c72183cc') in 0.018537 seconds 
  Import took 0.022398 seconds .

========================================================================
Received Import Request.
  Time since last request: 0.000183 seconds.
  path: Assets/Downloaded Assets/Beach Essentials/Meshes/Surfboard3.fbx
  artifactKey: Guid(8e245f23736474956bcc02202ce7352d) Importer(815301076,1909f56bfc062723c751e8b465ee728b)
Start importing Assets/Downloaded Assets/Beach Essentials/Meshes/Surfboard3.fbx using Guid(8e245f23736474956bcc02202ce7352d) Importer(815301076,1909f56bfc062723c751e8b465ee728b)  -> (artifact id: '339b7752af65e28559c28c42749d0fe4') in 0.038715 seconds 
  Import took 0.041936 seconds .

========================================================================
Received Import Request.
  Time since last request: 0.000206 seconds.
  path: Assets/Downloaded Assets/Beach Essentials/Textures/Plastic.tif
  artifactKey: Guid(cce52e6104f0d42b2a802041da4c524c) Importer(815301076,1909f56bfc062723c751e8b465ee728b)
Start importing Assets/Downloaded Assets/Beach Essentials/Textures/Plastic.tif using Guid(cce52e6104f0d42b2a802041da4c524c) Importer(815301076,1909f56bfc062723c751e8b465ee728b)  -> (artifact id: 'acdc365e6173489775ca441efcffbb85') in 0.014106 seconds 
  Import took 0.017956 seconds .

========================================================================
Received Import Request.
  Time since last request: 0.000186 seconds.
  path: Assets/Downloaded Assets/Beach Essentials/Textures/Denim.png
  artifactKey: Guid(d3d0922c68c5f43bd9e715dcdc5d99a4) Importer(815301076,1909f56bfc062723c751e8b465ee728b)
Start importing Assets/Downloaded Assets/Beach Essentials/Textures/Denim.png using Guid(d3d0922c68c5f43bd9e715dcdc5d99a4) Importer(815301076,1909f56bfc062723c751e8b465ee728b)  -> (artifact id: '626320d3a7dd8023f5cc9cc4f10271e7') in 0.019078 seconds 
  Import took 0.022769 seconds .

========================================================================
Received Import Request.
  Time since last request: 0.000220 seconds.
  path: Assets/Downloaded Assets/Beach Essentials/Meshes/BeachChair2.fbx
  artifactKey: Guid(cf9d2b9442fc846bea9534e7b8b13557) Importer(815301076,1909f56bfc062723c751e8b465ee728b)
Start importing Assets/Downloaded Assets/Beach Essentials/Meshes/BeachChair2.fbx using Guid(cf9d2b9442fc846bea9534e7b8b13557) Importer(815301076,1909f56bfc062723c751e8b465ee728b)  -> (artifact id: 'ddfdfb6ef78ac2f6d37eda8463cb1e5f') in 0.067137 seconds 
  Import took 0.072229 seconds .

========================================================================
Received Import Request.
  Time since last request: 0.000459 seconds.
  path: Assets/Downloaded Assets/Beach Essentials/Textures/VertStripes.png
  artifactKey: Guid(3df0217526d9e458dadb2953e79c9923) Importer(815301076,1909f56bfc062723c751e8b465ee728b)
Start importing Assets/Downloaded Assets/Beach Essentials/Textures/VertStripes.png using Guid(3df0217526d9e458dadb2953e79c9923) Importer(815301076,1909f56bfc062723c751e8b465ee728b)  -> (artifact id: '55c7ecbc15542378a88f41a8c04871dd') in 0.013802 seconds 
  Import took 0.017854 seconds .

========================================================================
Received Import Request.
  Time since last request: 0.000169 seconds.
  path: Assets/Downloaded Assets/Beach Essentials/Textures/Umbrella2.png
  artifactKey: Guid(e6d5d38e83fb54d438dec5682979d65f) Importer(815301076,1909f56bfc062723c751e8b465ee728b)
Start importing Assets/Downloaded Assets/Beach Essentials/Textures/Umbrella2.png using Guid(e6d5d38e83fb54d438dec5682979d65f) Importer(815301076,1909f56bfc062723c751e8b465ee728b)  -> (artifact id: '64f96d9820c18d31e1f809d8698001bd') in 0.018354 seconds 
  Import took 0.021638 seconds .

========================================================================
Received Import Request.
  Time since last request: 0.000179 seconds.
  path: Assets/Downloaded Assets/Beach Essentials/Prefabs/BeachBucket.prefab
  artifactKey: Guid(166ca20d8679849429412da6990e81a3) Importer(815301076,1909f56bfc062723c751e8b465ee728b)
Start importing Assets/Downloaded Assets/Beach Essentials/Prefabs/BeachBucket.prefab using Guid(166ca20d8679849429412da6990e81a3) Importer(815301076,1909f56bfc062723c751e8b465ee728b)  -> (artifact id: 'f6adc5cbe1b0f7c754cd400fbb999d50') in 0.019110 seconds 
  Import took 0.022392 seconds .

========================================================================
Received Import Request.
  Time since last request: 0.000162 seconds.
  path: Assets/Downloaded Assets/Beach Essentials/Prefabs/Umbrella.prefab
  artifactKey: Guid(409b9a3db4c4d43e1b35d4ca8302f93e) Importer(815301076,1909f56bfc062723c751e8b465ee728b)
Start importing Assets/Downloaded Assets/Beach Essentials/Prefabs/Umbrella.prefab using Guid(409b9a3db4c4d43e1b35d4ca8302f93e) Importer(815301076,1909f56bfc062723c751e8b465ee728b)  -> (artifact id: '36d75b928c08fa812b367511b17ed163') in 0.021872 seconds 
  Import took 0.025315 seconds .

========================================================================
Received Import Request.
  Time since last request: 0.000186 seconds.
  path: Assets/Downloaded Assets/Beach Essentials/Materials/Fabric7.mat
  artifactKey: Guid(80c6c8e023eef4694b914e9727e889a5) Importer(815301076,1909f56bfc062723c751e8b465ee728b)
Start importing Assets/Downloaded Assets/Beach Essentials/Materials/Fabric7.mat using Guid(80c6c8e023eef4694b914e9727e889a5) Importer(815301076,1909f56bfc062723c751e8b465ee728b)  -> (artifact id: '6be32b63149598ba37d1a4135dcdde19') in 0.017562 seconds 
  Import took 0.021119 seconds .

========================================================================
Received Import Request.
  Time since last request: 0.000183 seconds.
  path: Assets/Downloaded Assets/Beach Essentials/Meshes/Beachchair(Foldable).fbx
  artifactKey: Guid(62fd1c0699a884e66a4380e115970e03) Importer(815301076,1909f56bfc062723c751e8b465ee728b)
Start importing Assets/Downloaded Assets/Beach Essentials/Meshes/Beachchair(Foldable).fbx using Guid(62fd1c0699a884e66a4380e115970e03) Importer(815301076,1909f56bfc062723c751e8b465ee728b)  -> (artifact id: 'e28ec4084a76d0f76a9021be28a9147a') in 0.077180 seconds 
  Import took 0.080199 seconds .

========================================================================
Received Import Request.
  Time since last request: 0.000164 seconds.
  path: Assets/Downloaded Assets/Beach Essentials/Materials/Net.mat
  artifactKey: Guid(d966003f22d68474395c27e53d4d590f) Importer(815301076,1909f56bfc062723c751e8b465ee728b)
Start importing Assets/Downloaded Assets/Beach Essentials/Materials/Net.mat using Guid(d966003f22d68474395c27e53d4d590f) Importer(815301076,1909f56bfc062723c751e8b465ee728b)  -> (artifact id: 'dfc710ed75ce28689b13747759b51775') in 0.016127 seconds 
  Import took 0.019376 seconds .

========================================================================
Received Import Request.
  Time since last request: 0.000226 seconds.
  path: Assets/Downloaded Assets/Beach Essentials/Materials/Wood2.mat
  artifactKey: Guid(e3872ae9fef8e4ea4bdcb6408678f5d6) Importer(815301076,1909f56bfc062723c751e8b465ee728b)
Start importing Assets/Downloaded Assets/Beach Essentials/Materials/Wood2.mat using Guid(e3872ae9fef8e4ea4bdcb6408678f5d6) Importer(815301076,1909f56bfc062723c751e8b465ee728b)  -> (artifact id: '6b503dfbeafe4a6d61cbab9877d2ea03') in 0.031568 seconds 
  Import took 0.037823 seconds .

========================================================================
Received Import Request.
  Time since last request: 0.000260 seconds.
  path: Assets/Downloaded Assets/Beach Essentials/Textures/TexturesCom_WoodFine0059_11_seamless_S 1.png
  artifactKey: Guid(7a8cb4fdcb5db427193e7eb5d61ae54c) Importer(815301076,1909f56bfc062723c751e8b465ee728b)
Start importing Assets/Downloaded Assets/Beach Essentials/Textures/TexturesCom_WoodFine0059_11_seamless_S 1.png using Guid(7a8cb4fdcb5db427193e7eb5d61ae54c) Importer(815301076,1909f56bfc062723c751e8b465ee728b)  -> (artifact id: '119a40f128742d71b7e1f20d4c297c62') in 0.022317 seconds 
  Import took 0.027955 seconds .

========================================================================
Received Import Request.
  Time since last request: 0.000230 seconds.
  path: Assets/Downloaded Assets/Beach Essentials/Textures/Chrome.png
  artifactKey: Guid(e08fc526de60d49158759fe5bcd4cedc) Importer(815301076,1909f56bfc062723c751e8b465ee728b)
Start importing Assets/Downloaded Assets/Beach Essentials/Textures/Chrome.png using Guid(e08fc526de60d49158759fe5bcd4cedc) Importer(815301076,1909f56bfc062723c751e8b465ee728b)  -> (artifact id: 'c378b6b09f58f6d64f60b9136e8b20a3') in 0.017560 seconds 
  Import took 0.023621 seconds .

========================================================================
Received Import Request.
  Time since last request: 0.000621 seconds.
  path: Assets/Downloaded Assets/Beach Essentials/Textures/whitewood 1.png
  artifactKey: Guid(69598127800a140cd83617b2beb78ad3) Importer(815301076,1909f56bfc062723c751e8b465ee728b)
Start importing Assets/Downloaded Assets/Beach Essentials/Textures/whitewood 1.png using Guid(69598127800a140cd83617b2beb78ad3) Importer(815301076,1909f56bfc062723c751e8b465ee728b)  -> (artifact id: '93f8c8c1f9dcfd232251a5fb6514d30b') in 0.021458 seconds 
  Import took 0.025542 seconds .

========================================================================
Received Import Request.
  Time since last request: 0.000198 seconds.
  path: Assets/Downloaded Assets/Beach Essentials/Textures/Lifesaver.png
  artifactKey: Guid(9ce2119350cbe4413a8b98ccb1554f5d) Importer(815301076,1909f56bfc062723c751e8b465ee728b)
Start importing Assets/Downloaded Assets/Beach Essentials/Textures/Lifesaver.png using Guid(9ce2119350cbe4413a8b98ccb1554f5d) Importer(815301076,1909f56bfc062723c751e8b465ee728b)  -> (artifact id: '0f1f49c2fa62117df93c061bae936249') in 0.017466 seconds 
  Import took 0.023854 seconds .

========================================================================
Received Import Request.
  Time since last request: 0.000322 seconds.
  path: Assets/Downloaded Assets/Beach Essentials/Textures/Net.png
  artifactKey: Guid(a34363582182e4d6fa8adc75d861df1f) Importer(815301076,1909f56bfc062723c751e8b465ee728b)
Start importing Assets/Downloaded Assets/Beach Essentials/Textures/Net.png using Guid(a34363582182e4d6fa8adc75d861df1f) Importer(815301076,1909f56bfc062723c751e8b465ee728b)  -> (artifact id: '0b50019f04fe83c60b1a83859df3a59c') in 0.014908 seconds 
  Import took 0.019053 seconds .

========================================================================
Received Import Request.
  Time since last request: 0.000203 seconds.
  path: Assets/Downloaded Assets/Beach Essentials/Materials/Surfboard3.mat
  artifactKey: Guid(0ad6a4824b3774ac291f37f576322037) Importer(815301076,1909f56bfc062723c751e8b465ee728b)
Start importing Assets/Downloaded Assets/Beach Essentials/Materials/Surfboard3.mat using Guid(0ad6a4824b3774ac291f37f576322037) Importer(815301076,1909f56bfc062723c751e8b465ee728b)  -> (artifact id: '5f94493d0adebac2ef5d2bdae9ef3abd') in 0.023945 seconds 
  Import took 0.030593 seconds .

========================================================================
Received Import Request.
  Time since last request: 0.000229 seconds.
  path: Assets/Downloaded Assets/Beach Essentials/Textures/surftexture.png
  artifactKey: Guid(df00634bf9734402386106409221a315) Importer(815301076,1909f56bfc062723c751e8b465ee728b)
Start importing Assets/Downloaded Assets/Beach Essentials/Textures/surftexture.png using Guid(df00634bf9734402386106409221a315) Importer(815301076,1909f56bfc062723c751e8b465ee728b)  -> (artifact id: '84314960b279829e96073b326e52dd81') in 0.018110 seconds 
  Import took 0.022224 seconds .

========================================================================
Received Import Request.
  Time since last request: 0.000194 seconds.
  path: Assets/Downloaded Assets/Beach Essentials/Textures/TexturesCom_Metal_SteelRusted_512_albedo.tif
  artifactKey: Guid(f4a8481959db84c58a310290034b7766) Importer(815301076,1909f56bfc062723c751e8b465ee728b)
Start importing Assets/Downloaded Assets/Beach Essentials/Textures/TexturesCom_Metal_SteelRusted_512_albedo.tif using Guid(f4a8481959db84c58a310290034b7766) Importer(815301076,1909f56bfc062723c751e8b465ee728b)  -> (artifact id: 'd9321fe7a8332c1c96fee9c93ed834a7') in 0.022085 seconds 
  Import took 0.027785 seconds .

========================================================================
Received Import Request.
  Time since last request: 0.000241 seconds.
  path: Assets/Downloaded Assets/Beach Essentials/Meshes/LifeguardTower.fbx
  artifactKey: Guid(41b656d631bb340a396b501db5e1ba0d) Importer(815301076,1909f56bfc062723c751e8b465ee728b)
Start importing Assets/Downloaded Assets/Beach Essentials/Meshes/LifeguardTower.fbx using Guid(41b656d631bb340a396b501db5e1ba0d) Importer(815301076,1909f56bfc062723c751e8b465ee728b)  -> (artifact id: 'd1d9b6a011b5ceb8337aef39f7db1131') in 0.034804 seconds 
  Import took 0.038559 seconds .

========================================================================
Received Import Request.
  Time since last request: 0.000191 seconds.
  path: Assets/Downloaded Assets/Beach Essentials/Materials/Fabric8.mat
  artifactKey: Guid(9c3f373e8bdbb4b308dc4785f9fd3cf3) Importer(815301076,1909f56bfc062723c751e8b465ee728b)
Start importing Assets/Downloaded Assets/Beach Essentials/Materials/Fabric8.mat using Guid(9c3f373e8bdbb4b308dc4785f9fd3cf3) Importer(815301076,1909f56bfc062723c751e8b465ee728b)  -> (artifact id: '98a5388c0441956be685b1cab43d3010') in 0.024374 seconds 
  Import took 0.028667 seconds .

========================================================================
Received Import Request.
  Time since last request: 0.000183 seconds.
  path: Assets/Downloaded Assets/Beach Essentials/Textures/AquaFabric.png
  artifactKey: Guid(e9dfbb29ee9464a9d9b445fe3f12423c) Importer(815301076,1909f56bfc062723c751e8b465ee728b)
Start importing Assets/Downloaded Assets/Beach Essentials/Textures/AquaFabric.png using Guid(e9dfbb29ee9464a9d9b445fe3f12423c) Importer(815301076,1909f56bfc062723c751e8b465ee728b)  -> (artifact id: '25426966c82b4195e5125d128e1096df') in 0.020846 seconds 
  Import took 0.025931 seconds .

========================================================================
Received Import Request.
  Time since last request: 0.000224 seconds.
  path: Assets/Downloaded Assets/Beach Essentials/Materials/Fabric5.mat
  artifactKey: Guid(d712a291794654f418746ad05b334dde) Importer(815301076,1909f56bfc062723c751e8b465ee728b)
Start importing Assets/Downloaded Assets/Beach Essentials/Materials/Fabric5.mat using Guid(d712a291794654f418746ad05b334dde) Importer(815301076,1909f56bfc062723c751e8b465ee728b)  -> (artifact id: 'f59872700fd546993802fe06b40b12d4') in 0.024291 seconds 
  Import took 0.030921 seconds .

========================================================================
Received Import Request.
  Time since last request: 0.000223 seconds.
  path: Assets/Downloaded Assets/Beach Essentials/Meshes/Beachball.fbx
  artifactKey: Guid(f88b3d4b18f3b4e91bd18e5d4dcc1469) Importer(815301076,1909f56bfc062723c751e8b465ee728b)
Start importing Assets/Downloaded Assets/Beach Essentials/Meshes/Beachball.fbx using Guid(f88b3d4b18f3b4e91bd18e5d4dcc1469) Importer(815301076,1909f56bfc062723c751e8b465ee728b)  -> (artifact id: 'a0117127316b9a9cf20b728b20a03a56') in 0.106733 seconds 
  Import took 0.112805 seconds .

========================================================================
Received Import Request.
  Time since last request: 0.000328 seconds.
  path: Assets/Downloaded Assets/Beach Essentials/Materials/Volleyball 1.mat
  artifactKey: Guid(ac93a65f4d73b4041a1cb8e20232cb01) Importer(815301076,1909f56bfc062723c751e8b465ee728b)
Start importing Assets/Downloaded Assets/Beach Essentials/Materials/Volleyball 1.mat using Guid(ac93a65f4d73b4041a1cb8e20232cb01) Importer(815301076,1909f56bfc062723c751e8b465ee728b)  -> (artifact id: '422879fa46f3d89f9d6dffbdfbdfb2d1') in 0.038131 seconds 
  Import took 0.044590 seconds .

========================================================================
Received Import Request.
  Time since last request: 0.000322 seconds.
  path: Assets/Downloaded Assets/Beach Essentials/Materials/Fabric2.mat
  artifactKey: Guid(8fd939acca2474f6fb6e9875621db1c3) Importer(815301076,1909f56bfc062723c751e8b465ee728b)
Start importing Assets/Downloaded Assets/Beach Essentials/Materials/Fabric2.mat using Guid(8fd939acca2474f6fb6e9875621db1c3) Importer(815301076,1909f56bfc062723c751e8b465ee728b)  -> (artifact id: '3f4b6072bcad738b8052f9a14c28834a') in 0.035347 seconds 
  Import took 0.041574 seconds .

========================================================================
Received Import Request.
  Time since last request: 0.000315 seconds.
  path: Assets/Downloaded Assets/Beach Essentials/Prefabs/Surfboard3.prefab
  artifactKey: Guid(d34ed44f711214307a87aa9850b9232c) Importer(815301076,1909f56bfc062723c751e8b465ee728b)
Start importing Assets/Downloaded Assets/Beach Essentials/Prefabs/Surfboard3.prefab using Guid(d34ed44f711214307a87aa9850b9232c) Importer(815301076,1909f56bfc062723c751e8b465ee728b)  -> (artifact id: '677f4ce63426024d5777e6efea2ac084') in 0.031599 seconds 
  Import took 0.038501 seconds .

========================================================================
Received Import Request.
  Time since last request: 0.000363 seconds.
  path: Assets/Downloaded Assets/Beach Essentials/Prefabs/BeachChair2.prefab
  artifactKey: Guid(49df472e0268c44ef9d290c6a0e189e1) Importer(815301076,1909f56bfc062723c751e8b465ee728b)
Start importing Assets/Downloaded Assets/Beach Essentials/Prefabs/BeachChair2.prefab using Guid(49df472e0268c44ef9d290c6a0e189e1) Importer(815301076,1909f56bfc062723c751e8b465ee728b)  -> (artifact id: '132b5b043802fa181042f8aba62d45ec') in 0.034430 seconds 
  Import took 0.043678 seconds .

========================================================================
Received Import Request.
  Time since last request: 0.000265 seconds.
  path: Assets/Downloaded Assets/Beach Essentials/Prefabs/LifeguardTower.prefab
  artifactKey: Guid(b549e7d129a5f4bbc82005ad204d050e) Importer(815301076,1909f56bfc062723c751e8b465ee728b)
Start importing Assets/Downloaded Assets/Beach Essentials/Prefabs/LifeguardTower.prefab using Guid(b549e7d129a5f4bbc82005ad204d050e) Importer(815301076,1909f56bfc062723c751e8b465ee728b)  -> (artifact id: '7d305f2b113fde4e872931f4e0333171') in 0.045484 seconds 
  Import took 0.050635 seconds .

========================================================================
Received Import Request.
  Time since last request: 0.000239 seconds.
  path: Assets/Downloaded Assets/Beach Essentials/Meshes/Volleyball.fbx
  artifactKey: Guid(c71923256946c49c593eeeb3adb0590b) Importer(815301076,1909f56bfc062723c751e8b465ee728b)
Start importing Assets/Downloaded Assets/Beach Essentials/Meshes/Volleyball.fbx using Guid(c71923256946c49c593eeeb3adb0590b) Importer(815301076,1909f56bfc062723c751e8b465ee728b)  -> (artifact id: 'c317b96228cfbc1a29b0a16fc7cda39a') in 0.094020 seconds 
  Import took 0.099288 seconds .

========================================================================
Received Import Request.
  Time since last request: 0.000283 seconds.
  path: Assets/Downloaded Assets/Beach Essentials/Materials/Fabric4.mat
  artifactKey: Guid(fb26b5aa34c5648cd8e5d98b4bd570c1) Importer(815301076,1909f56bfc062723c751e8b465ee728b)
Start importing Assets/Downloaded Assets/Beach Essentials/Materials/Fabric4.mat using Guid(fb26b5aa34c5648cd8e5d98b4bd570c1) Importer(815301076,1909f56bfc062723c751e8b465ee728b)  -> (artifact id: 'a9055fd9373efc22dd270321b51d7740') in 0.026748 seconds 
  Import took 0.030747 seconds .

========================================================================
Received Import Request.
  Time since last request: 0.000247 seconds.
  path: Assets/Downloaded Assets/Beach Essentials/Materials/Lifesaver.mat
  artifactKey: Guid(5b25c14862c814f9d96a6e87aa9309fb) Importer(815301076,1909f56bfc062723c751e8b465ee728b)
Start importing Assets/Downloaded Assets/Beach Essentials/Materials/Lifesaver.mat using Guid(5b25c14862c814f9d96a6e87aa9309fb) Importer(815301076,1909f56bfc062723c751e8b465ee728b)  -> (artifact id: '6cdbbc1ddefd824720ab451e87b21af3') in 0.027455 seconds 
  Import took 0.030995 seconds .

========================================================================
Received Import Request.
  Time since last request: 0.000231 seconds.
  path: Assets/Downloaded Assets/Beach Essentials/Materials/Fabric6.mat
  artifactKey: Guid(0b11536d6501e4d0796c15bacf8e9d9c) Importer(815301076,1909f56bfc062723c751e8b465ee728b)
Start importing Assets/Downloaded Assets/Beach Essentials/Materials/Fabric6.mat using Guid(0b11536d6501e4d0796c15bacf8e9d9c) Importer(815301076,1909f56bfc062723c751e8b465ee728b)  -> (artifact id: 'f4c215907bc77d46d6647bcfc59017b7') in 0.027970 seconds 
  Import took 0.032584 seconds .

========================================================================
Received Import Request.
  Time since last request: 0.000252 seconds.
  path: Assets/Downloaded Assets/Beach Essentials/Materials/Wood3.mat
  artifactKey: Guid(ee61f71bb34b34aff8862766ec19f24b) Importer(815301076,1909f56bfc062723c751e8b465ee728b)
Start importing Assets/Downloaded Assets/Beach Essentials/Materials/Wood3.mat using Guid(ee61f71bb34b34aff8862766ec19f24b) Importer(815301076,1909f56bfc062723c751e8b465ee728b)  -> (artifact id: '57743ef5429267cc0b36b1bf4cf30bd5') in 0.027625 seconds 
  Import took 0.031842 seconds .

========================================================================
Received Import Request.
  Time since last request: 0.000251 seconds.
  path: Assets/Downloaded Assets/Beach Essentials/Meshes/Lifesaver.fbx
  artifactKey: Guid(ac5e1f639baec4bf692b5d57c38b59d8) Importer(815301076,1909f56bfc062723c751e8b465ee728b)
Start importing Assets/Downloaded Assets/Beach Essentials/Meshes/Lifesaver.fbx using Guid(ac5e1f639baec4bf692b5d57c38b59d8) Importer(815301076,1909f56bfc062723c751e8b465ee728b)  -> (artifact id: 'dc6da38bed9bb7944cde739795f0ec37') in 0.098920 seconds 
  Import took 0.103396 seconds .

========================================================================
Received Import Request.
  Time since last request: 0.000257 seconds.
  path: Assets/Downloaded Assets/Beach Essentials/Meshes/pineapple.fbx
  artifactKey: Guid(f2574a3f438b62447a739288fe340705) Importer(815301076,1909f56bfc062723c751e8b465ee728b)
Start importing Assets/Downloaded Assets/Beach Essentials/Meshes/pineapple.fbx using Guid(f2574a3f438b62447a739288fe340705) Importer(815301076,1909f56bfc062723c751e8b465ee728b)  -> (artifact id: 'b215c5fc190bf90584eef3fdeafc133f') in 0.046132 seconds 
  Import took 0.050493 seconds .

========================================================================
Received Import Request.
  Time since last request: 0.000291 seconds.
  path: Assets/Downloaded Assets/Beach Essentials/Textures/BWVertStripes.png
  artifactKey: Guid(5c97fed4f6d494cef8d9236d17937a7c) Importer(815301076,1909f56bfc062723c751e8b465ee728b)
Start importing Assets/Downloaded Assets/Beach Essentials/Textures/BWVertStripes.png using Guid(5c97fed4f6d494cef8d9236d17937a7c) Importer(815301076,1909f56bfc062723c751e8b465ee728b)  -> (artifact id: '17bfb09fb369c457edbec3ea9a77e60f') in 0.023367 seconds 
  Import took 0.029063 seconds .

========================================================================
Received Import Request.
  Time since last request: 0.000334 seconds.
  path: Assets/Downloaded Assets/Beach Essentials/Textures/SchemeFabric.png
  artifactKey: Guid(da6c000cb6bca420d8ba0bae060c3c94) Importer(815301076,1909f56bfc062723c751e8b465ee728b)
Start importing Assets/Downloaded Assets/Beach Essentials/Textures/SchemeFabric.png using Guid(da6c000cb6bca420d8ba0bae060c3c94) Importer(815301076,1909f56bfc062723c751e8b465ee728b)  -> (artifact id: '44df34c0554577a0bef6d98d2192cced') in 0.020729 seconds 
  Import took 0.027315 seconds .

========================================================================
Received Import Request.
  Time since last request: 0.000260 seconds.
  path: Assets/Downloaded Assets/Beach Essentials/Textures/OrangeFabric.png
  artifactKey: Guid(257d4fc55e75a4b9c8842811977d6642) Importer(815301076,1909f56bfc062723c751e8b465ee728b)
Start importing Assets/Downloaded Assets/Beach Essentials/Textures/OrangeFabric.png using Guid(257d4fc55e75a4b9c8842811977d6642) Importer(815301076,1909f56bfc062723c751e8b465ee728b)  -> (artifact id: '0b2d10d829655244659ea6ad903ec383') in 0.020640 seconds 
  Import took 0.025498 seconds .

========================================================================
Received Import Request.
  Time since last request: 12.808061 seconds.
  path: Assets/Prefabs/Models/Bullet.prefab
  artifactKey: Guid(4dc178c9efabe044393ea14014bf2b19) Importer(815301076,1909f56bfc062723c751e8b465ee728b)
Start importing Assets/Prefabs/Models/Bullet.prefab using Guid(4dc178c9efabe044393ea14014bf2b19) Importer(815301076,1909f56bfc062723c751e8b465ee728b)  -> (artifact id: '265ec5f2a8b2f57d4fd827e6c2f9d215') in 0.020583 seconds 
  Import took 0.023754 seconds .

========================================================================
Received Import Request.
  Time since last request: 0.000301 seconds.
  path: Assets/Prefabs/Models/Punkt.prefab
  artifactKey: Guid(cea1f40f093d69b4f948b390d190c574) Importer(815301076,1909f56bfc062723c751e8b465ee728b)
Start importing Assets/Prefabs/Models/Punkt.prefab using Guid(cea1f40f093d69b4f948b390d190c574) Importer(815301076,1909f56bfc062723c751e8b465ee728b)  -> (artifact id: '4a582b421d1091aabc1708f35a801fbe') in 0.024619 seconds 
  Import took 0.027668 seconds .

========================================================================
Received Import Request.
  Time since last request: 0.000234 seconds.
  path: Assets/Prefabs/Models/pineapple.obj
  artifactKey: Guid(6cc6f07b1aef8e240967851a66b8b0a2) Importer(815301076,1909f56bfc062723c751e8b465ee728b)
Start importing Assets/Prefabs/Models/pineapple.obj using Guid(6cc6f07b1aef8e240967851a66b8b0a2) Importer(815301076,1909f56bfc062723c751e8b465ee728b)  -> (artifact id: 'd2a5ff724e7bfa01220a736d9656bee8') in 0.046792 seconds 
  Import took 0.051022 seconds .

========================================================================
Received Import Request.
  Time since last request: 4.517560 seconds.
  path: Assets/Prefabs/Sprites/hikawaiirun.png
  artifactKey: Guid(868cafaefa0e85e41a65f20c7b5e01db) Importer(815301076,1909f56bfc062723c751e8b465ee728b)
Start importing Assets/Prefabs/Sprites/hikawaiirun.png using Guid(868cafaefa0e85e41a65f20c7b5e01db) Importer(815301076,1909f56bfc062723c751e8b465ee728b)  -> (artifact id: 'b7b3739f770b3a4f24c3eb7fceb1608a') in 0.026314 seconds 
  Import took 0.029428 seconds .

========================================================================
Received Import Request.
  Time since last request: 0.000386 seconds.
  path: Assets/Prefabs/Sprites/tropical-paradise.jpg
  artifactKey: Guid(dbfa276ade9f0634eb712eb869f733f1) Importer(815301076,1909f56bfc062723c751e8b465ee728b)
Start importing Assets/Prefabs/Sprites/tropical-paradise.jpg using Guid(dbfa276ade9f0634eb712eb869f733f1) Importer(815301076,1909f56bfc062723c751e8b465ee728b)  -> (artifact id: '6fb81febf59431f47fac2ca8ce55f6ee') in 0.025446 seconds 
  Import took 0.028757 seconds .

========================================================================
Received Import Request.
  Time since last request: 0.000176 seconds.
  path: Assets/Prefabs/Sprites/life.png
  artifactKey: Guid(427c1ca83cf1ffd488ddd1123b9290c0) Importer(815301076,1909f56bfc062723c751e8b465ee728b)
Start importing Assets/Prefabs/Sprites/life.png using Guid(427c1ca83cf1ffd488ddd1123b9290c0) Importer(815301076,1909f56bfc062723c751e8b465ee728b)  -> (artifact id: '2a97f37083362ea1dee28751497210a7') in 0.025914 seconds 
  Import took 0.030141 seconds .

========================================================================
Received Import Request.
  Time since last request: 0.000191 seconds.
  path: Assets/Prefabs/Sprites/Shield.png
  artifactKey: Guid(4c2c0129d60e6e34192cd89c87903661) Importer(815301076,1909f56bfc062723c751e8b465ee728b)
Start importing Assets/Prefabs/Sprites/Shield.png using Guid(4c2c0129d60e6e34192cd89c87903661) Importer(815301076,1909f56bfc062723c751e8b465ee728b)  -> (artifact id: '72e69df52fd07cf4bcb503f645aea638') in 0.027805 seconds 
  Import took 0.030721 seconds .

========================================================================
Received Import Request.
  Time since last request: 1.445364 seconds.
  path: Assets/Prefabs/Tiles/Tile1_Kubok.prefab
  artifactKey: Guid(97447ae1c6c67434ebc61b7fe377bb91) Importer(815301076,1909f56bfc062723c751e8b465ee728b)
Start importing Assets/Prefabs/Tiles/Tile1_Kubok.prefab using Guid(97447ae1c6c67434ebc61b7fe377bb91) Importer(815301076,1909f56bfc062723c751e8b465ee728b)  -> (artifact id: '2f3d7c9ec2cafecfd58beb4978c5dabe') in 0.086899 seconds 
  Import took 0.092495 seconds .

========================================================================
Received Import Request.
  Time since last request: 0.000256 seconds.
  path: Assets/Prefabs/Tiles/Tile8_Kubok.prefab
  artifactKey: Guid(23b97449be32a4049b766924a89a9eec) Importer(815301076,1909f56bfc062723c751e8b465ee728b)
Start importing Assets/Prefabs/Tiles/Tile8_Kubok.prefab using Guid(23b97449be32a4049b766924a89a9eec) Importer(815301076,1909f56bfc062723c751e8b465ee728b)  -> (artifact id: 'c43f3220ca516366fafc8d0c8e0ecd1c') in 0.075998 seconds 
  Import took 0.082907 seconds .

========================================================================
Received Import Request.
  Time since last request: 0.000296 seconds.
  path: Assets/Prefabs/Tiles/Tile6_Kubok.prefab
  artifactKey: Guid(4718064d7d801474da4a8a8a7bc23bd4) Importer(815301076,1909f56bfc062723c751e8b465ee728b)
Start importing Assets/Prefabs/Tiles/Tile6_Kubok.prefab using Guid(4718064d7d801474da4a8a8a7bc23bd4) Importer(815301076,1909f56bfc062723c751e8b465ee728b)  -> (artifact id: '7dab88e5f3165aee4c0fecd44b94cd1e') in 0.063909 seconds 
  Import took 0.069045 seconds .

========================================================================
Received Import Request.
  Time since last request: 0.000309 seconds.
  path: Assets/Prefabs/Tiles/Tile5_Kubok.prefab
  artifactKey: Guid(4b69e2de779caa6498a85bf7b5866643) Importer(815301076,1909f56bfc062723c751e8b465ee728b)
Start importing Assets/Prefabs/Tiles/Tile5_Kubok.prefab using Guid(4b69e2de779caa6498a85bf7b5866643) Importer(815301076,1909f56bfc062723c751e8b465ee728b)  -> (artifact id: 'c44394b3ee1646cf6af35e4a0eb6a36c') in 0.068142 seconds 
  Import took 0.072987 seconds .

========================================================================
Received Import Request.
  Time since last request: 0.000199 seconds.
  path: Assets/Prefabs/Tiles/Tile4_Kubok.prefab
  artifactKey: Guid(51ff9927b3ec97b408969ed021972185) Importer(815301076,1909f56bfc062723c751e8b465ee728b)
Start importing Assets/Prefabs/Tiles/Tile4_Kubok.prefab using Guid(51ff9927b3ec97b408969ed021972185) Importer(815301076,1909f56bfc062723c751e8b465ee728b)  -> (artifact id: '00b01d7279a71eded38d9990217bfa0a') in 0.063703 seconds 
  Import took 0.068770 seconds .

========================================================================
Received Import Request.
  Time since last request: 0.000217 seconds.
  path: Assets/Prefabs/Tiles/Tile9_Kubok.prefab
  artifactKey: Guid(cfbc968485fa19a498c7cf473d446592) Importer(815301076,1909f56bfc062723c751e8b465ee728b)
Start importing Assets/Prefabs/Tiles/Tile9_Kubok.prefab using Guid(cfbc968485fa19a498c7cf473d446592) Importer(815301076,1909f56bfc062723c751e8b465ee728b)  -> (artifact id: 'ba56ba4555b0efd84fb750adfe38f598') in 0.061497 seconds 
  Import took 0.066333 seconds .

========================================================================
Received Import Request.
  Time since last request: 0.000305 seconds.
  path: Assets/Prefabs/Tiles/Tile7_Kubok.prefab
  artifactKey: Guid(56b585a1663c6e744a154a7289ba4467) Importer(815301076,1909f56bfc062723c751e8b465ee728b)
Start importing Assets/Prefabs/Tiles/Tile7_Kubok.prefab using Guid(56b585a1663c6e744a154a7289ba4467) Importer(815301076,1909f56bfc062723c751e8b465ee728b)  -> (artifact id: '5e534836b9f0f64d3787c83a5dd401fb') in 0.062890 seconds 
  Import took 0.068317 seconds .

========================================================================
Received Import Request.
  Time since last request: 0.000206 seconds.
  path: Assets/Prefabs/Tiles/Tile10_Kubok.prefab
  artifactKey: Guid(55c036ad18136fc43adfed0ba2b20b17) Importer(815301076,1909f56bfc062723c751e8b465ee728b)
Start importing Assets/Prefabs/Tiles/Tile10_Kubok.prefab using Guid(55c036ad18136fc43adfed0ba2b20b17) Importer(815301076,1909f56bfc062723c751e8b465ee728b)  -> (artifact id: '0e84a147c1e98db4a9132ce02e077847') in 0.064238 seconds 
  Import took 0.069247 seconds .

========================================================================
Received Import Request.
  Time since last request: 0.000223 seconds.
  path: Assets/Prefabs/Tiles/Tile2_Kubok.prefab
  artifactKey: Guid(921168187b006ad4e8e0e0af7d1a2dd6) Importer(815301076,1909f56bfc062723c751e8b465ee728b)
Start importing Assets/Prefabs/Tiles/Tile2_Kubok.prefab using Guid(921168187b006ad4e8e0e0af7d1a2dd6) Importer(815301076,1909f56bfc062723c751e8b465ee728b)  -> (artifact id: '1ed73f0a25513baafc4d2633caa855ad') in 0.061259 seconds 
  Import took 0.068465 seconds .

========================================================================
Received Import Request.
  Time since last request: 0.000342 seconds.
  path: Assets/Prefabs/Leaderboard/TableEntry.prefab
  artifactKey: Guid(fcbef1d8c0f1dfc4ebeda5e764ebe598) Importer(815301076,1909f56bfc062723c751e8b465ee728b)
Start importing Assets/Prefabs/Leaderboard/TableEntry.prefab using Guid(fcbef1d8c0f1dfc4ebeda5e764ebe598) Importer(815301076,1909f56bfc062723c751e8b465ee728b)  -> (artifact id: 'e7bca4b95d1ad32f66b34d9878061de0') in 0.022676 seconds 
  Import took 0.028331 seconds .

========================================================================
Received Import Request.
  Time since last request: 0.000185 seconds.
  path: Assets/Prefabs/Tiles/Tile3_Kubok.prefab
  artifactKey: Guid(91f266f76079462439b96944b856163c) Importer(815301076,1909f56bfc062723c751e8b465ee728b)
Start importing Assets/Prefabs/Tiles/Tile3_Kubok.prefab using Guid(91f266f76079462439b96944b856163c) Importer(815301076,1909f56bfc062723c751e8b465ee728b)  -> (artifact id: 'f60dfb178de1875d53a58cf7d78cc9c6') in 0.057716 seconds 
  Import took 0.062503 seconds .

========================================================================
Received Import Request.
  Time since last request: 32.858562 seconds.
  path: Assets/Prefabs/Models/Magnet.fbx
  artifactKey: Guid(a0bfcb2bebff9514ca4222224ad969aa) Importer(815301076,1909f56bfc062723c751e8b465ee728b)
Start importing Assets/Prefabs/Models/Magnet.fbx using Guid(a0bfcb2bebff9514ca4222224ad969aa) Importer(815301076,1909f56bfc062723c751e8b465ee728b)  -> (artifact id: '28358fd63c1a55c819f6b31794a828dc') in 0.040541 seconds 
  Import took 0.044147 seconds .

========================================================================
Received Import Request.
  Time since last request: 3.669584 seconds.
  path: Assets/Prefabs/Models/Invincibility.fbx
  artifactKey: Guid(565bbbdd51eb66a418f7498d932ae8e0) Importer(815301076,1909f56bfc062723c751e8b465ee728b)
Start importing Assets/Prefabs/Models/Invincibility.fbx using Guid(565bbbdd51eb66a418f7498d932ae8e0) Importer(815301076,1909f56bfc062723c751e8b465ee728b)  -> (artifact id: '4a7bfb1e288035f9368cbd48ca658933') in 0.024670 seconds 
  Import took 0.027803 seconds .

========================================================================
Received Import Request.
  Time since last request: 1.728300 seconds.
  path: Assets/Prefabs/Models/multiplier.fbx
  artifactKey: Guid(000f77af8ea827d419b40f9b5ffb1318) Importer(815301076,1909f56bfc062723c751e8b465ee728b)
Start importing Assets/Prefabs/Models/multiplier.fbx using Guid(000f77af8ea827d419b40f9b5ffb1318) Importer(815301076,1909f56bfc062723c751e8b465ee728b)  -> (artifact id: '031c6490e578f39b1c1f7c50c4a97d78') in 0.030324 seconds 
  Import took 0.033210 seconds .

========================================================================
Received Import Request.
  Time since last request: 3.403059 seconds.
  path: Assets/Prefabs/Models/Gun.fbx
  artifactKey: Guid(58218b4e418eac942807e353936d3bf8) Importer(815301076,1909f56bfc062723c751e8b465ee728b)
Start importing Assets/Prefabs/Models/Gun.fbx using Guid(58218b4e418eac942807e353936d3bf8) Importer(815301076,1909f56bfc062723c751e8b465ee728b)  -> (artifact id: '4674e7de3814550a94243f817249f731') in 0.026221 seconds 
  Import took 0.029110 seconds .

========================================================================
Received Import Request.
  Time since last request: 2.525612 seconds.
  path: Assets/Prefabs/Models/Shield.fbx
  artifactKey: Guid(163ef04f7cb2d9a4792c5d7383188f83) Importer(815301076,1909f56bfc062723c751e8b465ee728b)
Start importing Assets/Prefabs/Models/Shield.fbx using Guid(163ef04f7cb2d9a4792c5d7383188f83) Importer(815301076,1909f56bfc062723c751e8b465ee728b)  -> (artifact id: '3d16c101f2995a4b954cdaeed487d0c6') in 0.024335 seconds 
  Import took 0.028438 seconds .

========================================================================
Received Import Request.
  Time since last request: 9.728475 seconds.
  path: Assets/Downloaded Assets/Coconut Palm Tree Pack/Prefabs/TreeCreatorEditable/Coconut_Palm_Tree05.prefab
  artifactKey: Guid(af8f633b22ea4eb42a5f54897ae30dee) Importer(815301076,1909f56bfc062723c751e8b465ee728b)
Start importing Assets/Downloaded Assets/Coconut Palm Tree Pack/Prefabs/TreeCreatorEditable/Coconut_Palm_Tree05.prefab using Guid(af8f633b22ea4eb42a5f54897ae30dee) Importer(815301076,1909f56bfc062723c751e8b465ee728b)  -> (artifact id: 'f12118a044a8ec67668e64bb1b4995ff') in 0.058811 seconds 
  Import took 0.062825 seconds .

========================================================================
Received Import Request.
  Time since last request: 0.000277 seconds.
  path: Assets/Downloaded Assets/Coconut Palm Tree Pack/Prefabs/TreeCreatorEditable/Coconut_Palm_Tree01.prefab
  artifactKey: Guid(32284b0ddf7eba2469cec0d0f6006f26) Importer(815301076,1909f56bfc062723c751e8b465ee728b)
Start importing Assets/Downloaded Assets/Coconut Palm Tree Pack/Prefabs/TreeCreatorEditable/Coconut_Palm_Tree01.prefab using Guid(32284b0ddf7eba2469cec0d0f6006f26) Importer(815301076,1909f56bfc062723c751e8b465ee728b)  -> (artifact id: '2f776cb23262b9e72c39f6b7bc39ba2c') in 0.044069 seconds 
  Import took 0.047373 seconds .

========================================================================
Received Import Request.
  Time since last request: 0.000294 seconds.
  path: Assets/Downloaded Assets/Coconut Palm Tree Pack/Prefabs/TreeCreatorEditable/Coconut_Palm_Tree08.prefab
  artifactKey: Guid(e575a0aa287f92f4c8d8b935845f7780) Importer(815301076,1909f56bfc062723c751e8b465ee728b)
Start importing Assets/Downloaded Assets/Coconut Palm Tree Pack/Prefabs/TreeCreatorEditable/Coconut_Palm_Tree08.prefab using Guid(e575a0aa287f92f4c8d8b935845f7780) Importer(815301076,1909f56bfc062723c751e8b465ee728b)  -> (artifact id: 'faef4da7bcb16a50d51424822972ceee') in 0.028178 seconds 
  Import took 0.030806 seconds .

========================================================================
Received Import Request.
  Time since last request: 0.000230 seconds.
  path: Assets/Downloaded Assets/Coconut Palm Tree Pack/Prefabs/TreeCreatorEditable/Coconut_Palm_Tree07.prefab
  artifactKey: Guid(cd04206a30c78e84fbc449686e6b254c) Importer(815301076,1909f56bfc062723c751e8b465ee728b)
Start importing Assets/Downloaded Assets/Coconut Palm Tree Pack/Prefabs/TreeCreatorEditable/Coconut_Palm_Tree07.prefab using Guid(cd04206a30c78e84fbc449686e6b254c) Importer(815301076,1909f56bfc062723c751e8b465ee728b)  -> (artifact id: '6c675db2b6a023b44f943796e0e14134') in 0.049933 seconds 
  Import took 0.053165 seconds .

========================================================================
Received Import Request.
  Time since last request: 3.054941 seconds.
  path: Assets/Downloaded Assets/Coconut Palm Tree Pack/Prefabs/TreeCreatorEditable/Coconut_Palm_Tree11.prefab
  artifactKey: Guid(744e5ce69c552f04daa65190ed02187e) Importer(815301076,1909f56bfc062723c751e8b465ee728b)
Start importing Assets/Downloaded Assets/Coconut Palm Tree Pack/Prefabs/TreeCreatorEditable/Coconut_Palm_Tree11.prefab using Guid(744e5ce69c552f04daa65190ed02187e) Importer(815301076,1909f56bfc062723c751e8b465ee728b)  -> (artifact id: '49861fd91d053796c5b6a8b6b44d489d') in 0.035453 seconds 
  Import took 0.039727 seconds .

========================================================================
Received Import Request.
  Time since last request: 0.000166 seconds.
  path: Assets/Downloaded Assets/Coconut Palm Tree Pack/Prefabs/TreeCreatorEditable/Coconut_Palm_Tree10.prefab
  artifactKey: Guid(fbc5cd716e0ce9c41b07f09611b2fe28) Importer(815301076,1909f56bfc062723c751e8b465ee728b)
Start importing Assets/Downloaded Assets/Coconut Palm Tree Pack/Prefabs/TreeCreatorEditable/Coconut_Palm_Tree10.prefab using Guid(fbc5cd716e0ce9c41b07f09611b2fe28) Importer(815301076,1909f56bfc062723c751e8b465ee728b)  -> (artifact id: '5fcac5b0a594a097b0da4f5673e5db98') in 0.052612 seconds 
  Import took 0.055360 seconds .

========================================================================
Received Import Request.
  Time since last request: 0.307468 seconds.
  path: Assets/Downloaded Assets/Coconut Palm Tree Pack/Prefabs/TreeCreatorEditable/Coconut_Palm_Tree03.prefab
  artifactKey: Guid(e318997edd53a1a4c922b2deee669aaa) Importer(815301076,1909f56bfc062723c751e8b465ee728b)
Start importing Assets/Downloaded Assets/Coconut Palm Tree Pack/Prefabs/TreeCreatorEditable/Coconut_Palm_Tree03.prefab using Guid(e318997edd53a1a4c922b2deee669aaa) Importer(815301076,1909f56bfc062723c751e8b465ee728b)  -> (artifact id: 'd2eb628329e18799c5b011349b87fd03') in 0.030605 seconds 
  Import took 0.033541 seconds .

========================================================================
Received Import Request.
  Time since last request: 0.000258 seconds.
  path: Assets/Downloaded Assets/Coconut Palm Tree Pack/Prefabs/TreeCreatorEditable/Coconut_Palm_Tree12.prefab
  artifactKey: Guid(9103cb21a8485ed4aafddc0a27c9d9a1) Importer(815301076,1909f56bfc062723c751e8b465ee728b)
Start importing Assets/Downloaded Assets/Coconut Palm Tree Pack/Prefabs/TreeCreatorEditable/Coconut_Palm_Tree12.prefab using Guid(9103cb21a8485ed4aafddc0a27c9d9a1) Importer(815301076,1909f56bfc062723c751e8b465ee728b)  -> (artifact id: '8ecc2f531541ff434e03bdda4cfbe40c') in 0.045598 seconds 
  Import took 0.048553 seconds .

========================================================================
Received Import Request.
  Time since last request: 85.526602 seconds.
  path: Assets/Downloaded Assets/Flat Textures Pack/Materials/Water_C.mat
  artifactKey: Guid(aca82f8a42433894199632974fbd0681) Importer(815301076,1909f56bfc062723c751e8b465ee728b)
Start importing Assets/Downloaded Assets/Flat Textures Pack/Materials/Water_C.mat using Guid(aca82f8a42433894199632974fbd0681) Importer(815301076,1909f56bfc062723c751e8b465ee728b)  -> (artifact id: 'b157e472058eaabe2b66849acf12e115') in 0.021843 seconds 
  Import took 0.025156 seconds .

========================================================================
Received Import Request.
  Time since last request: 0.553158 seconds.
  path: Assets/Downloaded Assets/Flat Textures Pack/Materials/Summer_Wall.mat
  artifactKey: Guid(0acfe541cc046384d9e49c053de97ffb) Importer(815301076,1909f56bfc062723c751e8b465ee728b)
Start importing Assets/Downloaded Assets/Flat Textures Pack/Materials/Summer_Wall.mat using Guid(0acfe541cc046384d9e49c053de97ffb) Importer(815301076,1909f56bfc062723c751e8b465ee728b)  -> (artifact id: '0f4d119bf5f4b248abf530c944d2b466') in 0.020660 seconds 
  Import took 0.024300 seconds .

========================================================================
Received Import Request.
  Time since last request: 116.643612 seconds.
  path: Assets/Downloaded Assets/Flat Textures Pack/Materials/Desert_Cliff.mat
  artifactKey: Guid(759f0740a4cb77047931846c47ae6924) Importer(815301076,1909f56bfc062723c751e8b465ee728b)
Start importing Assets/Downloaded Assets/Flat Textures Pack/Materials/Desert_Cliff.mat using Guid(759f0740a4cb77047931846c47ae6924) Importer(815301076,1909f56bfc062723c751e8b465ee728b)  -> (artifact id: 'defc89ad274c2fbdc217dc0c555af33f') in 0.015986 seconds 
  Import took 0.018478 seconds .

========================================================================
Received Import Request.
  Time since last request: 0.000191 seconds.
  path: Assets/Downloaded Assets/Flat Textures Pack/Materials/Desert_Sand_B.mat
  artifactKey: Guid(e00ca62ae67139f41b7cf3c04f00fb88) Importer(815301076,1909f56bfc062723c751e8b465ee728b)
Start importing Assets/Downloaded Assets/Flat Textures Pack/Materials/Desert_Sand_B.mat using Guid(e00ca62ae67139f41b7cf3c04f00fb88) Importer(815301076,1909f56bfc062723c751e8b465ee728b)  -> (artifact id: '51beadef2c65ba9af001e63663cd526f') in 0.024496 seconds 
  Import took 0.027320 seconds .

========================================================================
Received Import Request.
  Time since last request: 0.550991 seconds.
  path: Assets/Downloaded Assets/Coconut Palm Tree Pack/Materials/Parts/Coconut_Palm_Tree_Leaf2.mat
  artifactKey: Guid(08c6252b92ffc4344a02ee1d5dc8e603) Importer(815301076,1909f56bfc062723c751e8b465ee728b)
Start importing Assets/Downloaded Assets/Coconut Palm Tree Pack/Materials/Parts/Coconut_Palm_Tree_Leaf2.mat using Guid(08c6252b92ffc4344a02ee1d5dc8e603) Importer(815301076,1909f56bfc062723c751e8b465ee728b)  -> (artifact id: '132ed8946e938d3b1f6cc768b1f99af5') in 0.028727 seconds 
  Import took 0.031448 seconds .

========================================================================
Received Import Request.
  Time since last request: 0.426509 seconds.
  path: Assets/Downloaded Assets/Coconut Palm Tree Pack/Materials/Parts/Coconut_Palm_Tree_Brush.mat
  artifactKey: Guid(01f88f8053e244f4f877846008c6e1eb) Importer(815301076,1909f56bfc062723c751e8b465ee728b)
Start importing Assets/Downloaded Assets/Coconut Palm Tree Pack/Materials/Parts/Coconut_Palm_Tree_Brush.mat using Guid(01f88f8053e244f4f877846008c6e1eb) Importer(815301076,1909f56bfc062723c751e8b465ee728b)  -> (artifact id: '4ea3526d97f102d775c0806f848705cc') in 0.017341 seconds 
  Import took 0.020366 seconds .

========================================================================
Received Import Request.
  Time since last request: 0.000241 seconds.
  path: Assets/Downloaded Assets/Coconut Palm Tree Pack/Materials/Parts/Coconut_Palm_Tree_Frond_Stem.mat
  artifactKey: Guid(811fc76a48a2e4b4990e1c9997697274) Importer(815301076,1909f56bfc062723c751e8b465ee728b)
Start importing Assets/Downloaded Assets/Coconut Palm Tree Pack/Materials/Parts/Coconut_Palm_Tree_Frond_Stem.mat using Guid(811fc76a48a2e4b4990e1c9997697274) Importer(815301076,1909f56bfc062723c751e8b465ee728b)  -> (artifact id: '0ab57dd7f7cfd72007ec8621ab21bd9a') in 0.039016 seconds 
  Import took 0.043390 seconds .

========================================================================
Received Import Request.
  Time since last request: 0.236991 seconds.
  path: Assets/Downloaded Assets/Coconut Palm Tree Pack/Materials/Parts/Coconut_Palm_Tree_Bark3.mat
  artifactKey: Guid(a8b758070d5a9f349b7c20a99e301e35) Importer(815301076,1909f56bfc062723c751e8b465ee728b)
Start importing Assets/Downloaded Assets/Coconut Palm Tree Pack/Materials/Parts/Coconut_Palm_Tree_Bark3.mat using Guid(a8b758070d5a9f349b7c20a99e301e35) Importer(815301076,1909f56bfc062723c751e8b465ee728b)  -> (artifact id: '5149318c48419fc6d4d06f8e77353b8d') in 0.016317 seconds 
  Import took 0.019489 seconds .

========================================================================
Received Import Request.
  Time since last request: 0.427062 seconds.
  path: Assets/Downloaded Assets/Flat Textures Pack/Materials/Cave_Magma_B.mat
  artifactKey: Guid(f70d582ac8795e94fbba81f1bda57848) Importer(815301076,1909f56bfc062723c751e8b465ee728b)
Start importing Assets/Downloaded Assets/Flat Textures Pack/Materials/Cave_Magma_B.mat using Guid(f70d582ac8795e94fbba81f1bda57848) Importer(815301076,1909f56bfc062723c751e8b465ee728b)  -> (artifact id: '46aa20edd780109489f97b0023e90988') in 0.015890 seconds 
  Import took 0.019751 seconds .

========================================================================
Received Import Request.
  Time since last request: 0.655150 seconds.
  path: Assets/Downloaded Assets/Coconut Palm Tree Pack/Materials/bark.mat
  artifactKey: Guid(77efaf0c87af98d44a142f9aaeafc89a) Importer(815301076,1909f56bfc062723c751e8b465ee728b)
Start importing Assets/Downloaded Assets/Coconut Palm Tree Pack/Materials/bark.mat using Guid(77efaf0c87af98d44a142f9aaeafc89a) Importer(815301076,1909f56bfc062723c751e8b465ee728b)  -> (artifact id: '8acc9c1d95b0eec643d5e49a40e44ab8') in 0.025612 seconds 
  Import took 0.029197 seconds .

========================================================================
Received Import Request.
  Time since last request: 23.089354 seconds.
  path: Assets/Prefabs/Fonts/MochiyPopPOne-Regular.ttf
  artifactKey: Guid(3fc6c7fedbd57b745a5e0e5f6c777199) Importer(815301076,1909f56bfc062723c751e8b465ee728b)
Start importing Assets/Prefabs/Fonts/MochiyPopPOne-Regular.ttf using Guid(3fc6c7fedbd57b745a5e0e5f6c777199) Importer(815301076,1909f56bfc062723c751e8b465ee728b)  -> (artifact id: 'f694f025da06126bcc9b634dbba29704') in 0.063485 seconds 
  Import took 0.066358 seconds .

========================================================================
Received Import Request.
  Time since last request: 0.000203 seconds.
  path: Assets/Downloaded Assets/Coconut Palm Tree Pack/Materials/leaf.mat
  artifactKey: Guid(6f16583b3cb065f48b487527b1fa5f05) Importer(815301076,1909f56bfc062723c751e8b465ee728b)
Start importing Assets/Downloaded Assets/Coconut Palm Tree Pack/Materials/leaf.mat using Guid(6f16583b3cb065f48b487527b1fa5f05) Importer(815301076,1909f56bfc062723c751e8b465ee728b)  -> (artifact id: 'f79902fe7cbf78168c4e1f2ac087e210') in 0.023463 seconds 
  Import took 0.027024 seconds .

AssetImportWorkerClient::OnTransportError - code=2 error=End of file
